Name: Scott Davidson
Date: 2-20-16
Time: 10:15
0 -136 -1032
-8 -112 -1016
0 -104 -1024
24 -128 -1024
280 -216 -624
312 -144 -384
624 120 -128
1200 304 136
1408 872 0
1320 616 -24
1176 608 -56
1024 496 -64
1032 496 -128
1096 392 -80
1176 312 -40
1240 272 8
1080 264 -48
1008 176 128
880 232 40
824 240 -72
928 304 -72
1104 440 -96
1256 392 -184
1048 352 -160
1144 304 120
1072 312 56
1032 280 144
1008 264 88
1032 256 88
1016 296 -72
1024 256 -112
960 256 -56
920 272 -96
896 312 -112
1000 320 -152
1104 368 -112
1128 320 64
1080 304 104
1008 296 48
960 280 72
1008 256 64
1112 264 -16
960 296 -168
960 248 40
904 272 -80
912 328 -88
992 336 -168
1192 352 -96
1064 344 -120
1168 296 24
1040 280 16
984 328 96
936 360 40
912 400 0
920 384 -64
936 360 -192
960 280 -32
952 296 -56
920 320 -120
976 304 -104
1048 320 -104
1072 328 -128
1256 208 24
1192 176 0
1120 152 72
1008 208 40
984 240 136
1016 288 208
1072 328 216
1072 376 192
1064 376 184
1024 384 176
976 400 -48
960 400 -264
1008 400 -392
1056 368 -368
1064 336 -80
1072 312 0
1048 328 64
984 320 -8
912 312 -32
912 344 8
1072 360 32
944 392 -40
1000 392 8
960 376 -56
928 384 -56
936 384 -112
1048 344 -104
1064 352 -56
1056 344 32
1104 312 128
1000 296 112
904 264 64
1024 240 80
1152 288 40
912 304 -216
984 232 -40
904 280 -96
888 304 -120
968 288 -152
1184 328 -8
1024 336 -72
1144 296 104
1032 280 24
936 248 104
912 240 40
1000 296 80
984 384 -40
1032 320 -72
944 296 -40
896 320 -88
920 328 -152
1080 328 -48
1048 344 -120
1120 344 -16
1032 304 120
960 272 80
920 256 56
1008 256 88
1096 320 -8
1104 320 -120
1008 296 -56
928 272 -144
888 320 -96
1032 312 -88
1152 352 -40
1080 352 -32
1072 320 128
936 336 48
864 344 112
920 424 112
1000 488 64
856 520 -56
992 432 -192
928 408 -128
848 424 24
776 352 48
1088 336 192
1104 408 280
1056 360 136
1032 384 48
1040 384 128
1088 312 368
1016 320 72
968 272 168
1040 248 48
1024 152 -48
952 88 -32
944 168 -64
992 232 -168
1208 288 0
1064 288 -8
1064 264 64
1056 256 112
1008 248 80
1008 224 72
1056 232 -8
992 264 -16
1080 248 -8
936 248 -48
904 256 -72
944 328 -88
1072 296 -56
1024 312 -56
1136 312 128
992 304 80
960 256 104
952 240 48
992 256 56
1056 296 -24
1088 296 -112
976 256 -16
920 288 -80
912 328 -152
1032 304 -128
1072 320 -224
1080 376 80
1056 328 224
984 280 104
944 264 64
1008 272 24
1136 304 24
1008 288 -80
944 248 16
904 280 -24
912 312 -72
976 328 -136
1184 352 -80
1032 296 -64
1032 312 64
952 272 56
936 264 72
984 256 80
1088 272 72
1032 344 -80
1016 240 -32
968 248 -56
936 264 -72
896 272 -88
968 280 -136
1216 304 0
1088 256 -40
1128 184 144
1040 184 32
992 160 80
1000 208 104
1016 224 96
1024 272 136
1008 288 136
1032 304 152
1008 328 128
984 336 48
968 360 -88
1008 376 -48
968 352 -72
960 328 -8
1056 344 48
1008 360 40
976 344 32
1000 376 -8
960 408 -32
952 408 -16
1016 344 -24
896 296 -16
960 224 40
960 232 32
920 240 -48
944 288 -80
1048 304 -56
1080 376 -104
1096 312 128
976 320 24
976 328 80
952 304 40
1016 280 64
1128 272 56
976 280 -96
968 240 48
952 272 -64
920 280 -64
992 304 -136
1128 320 -40
1024 336 0
1064 288 120
992 272 64
952 256 88
976 240 64
1000 248 48
1008 296 -24

1040 224 -48
992 224 -72
944 232 -48
928 280 -88
1040 304 -136
1120 344 -72
1128 296 -24
1072 288 40
968 280 48
912 264 32
1000 248 112
1088 288 16
952 280 -96
976 240 -40
920 272 -128
888 304 -80
1008 328 -168
1232 368 -128
1056 320 -104
1072 280 8
1000 296 -48
952 272 112
944 296 96
960 368 -8
960 544 -40
968 552 -80
976 544 -152
912 512 -56
840 472 64
872 424 168
1056 368 248
1040 328 216
1016 344 48
984 472 88
1016 560 168
1016 488 216
1032 440 152
976 296 160
1008 272 64
1008 216 -56
1016 144 -112
1000 168 -144
992 224 -120
976 256 -136
1072 272 -64
1008 320 8
1112 296 216
1048 264 104
984 248 128
936 216 56
1016 216 88
1088 312 -8
1048 248 -64
1024 232 -24
880 240 -136
856 240 -64
1040 272 -104
1120 352 -40
1232 264 184
1128 280 120
928 288 128
856 240 72
976 256 104
968 344 -40
1184 296 32
1016 296 -80
840 264 -80
904 328 -80
1120 360 -48
1040 312 -24
1128 272 112
1032 256 64
912 248 56
944 216 96
1096 272 88
1152 256 -56
1056 248 -24
952 248 -24
880 288 -80
1016 320 -88
1024 360 -64
1176 304 88
1152 272 96
1056 256 120
984 256 56
960 272 112
1056 304 56
1088 264 -24
1008 208 -32
952 232 -32
904 272 -64
1024 248 40
1088 200 160
1096 112 128
1008 96 208
1000 72 256
1064 96 256
1080 160 224
1000 248 64
960 256 64
968 288 64
960 352 -16
976 352 -88
1056 344 -216
1040 264 -96
944 272 -64
1064 280 24
1024 296 88
984 296 48
1024 280 -48
1048 248 56
1024 320 24
1040 224 24
1016 200 8
976 208 -16
936 240 -88
984 288 -128
1152 304 0
1056 328 -32
1056 304 104
976 272 40
976 240 72
1040 200 120
1144 192 64
1040 168 -16
1024 152 56
968 200 -8
928 240 -120
960 272 -152
1152 328 -16
1200 344 24
1160 296 112
1088 256 64
984 224 0
1032 224 88
1104 232 48
1152 216 -24
1064 232 -32
968 256 -40
896 272 -128
1000 336 -176
1144 408 -112
1256 352 -24
1208 328 16
1032 280 104
896 256 16
928 264 104
984 280 56
1088 256 -48
1072 240 -40
984 264 -72
888 296 -200
1000 320 -152
1056 336 -16
1128 336 144
992 320 144
912 304 216
936 352 224
984 416 144
888 424 -8
976 368 8
960 360 -32
920 328 88
944 296 240
1024 320 192
1024 328 208
984 352 120
1008 352 184
992 408 240
976 384 152
1016 384 56
1096 392 64
1008 224 104
976 152 24
976 144 -24
960 160 -72
984 216 -104
1016 240 -112
968 288 -120
1160 304 56
1088 312 -8
1032 280 160
944 248 64
992 216 96
880 248 -40
1112 184 32
1040 216 -56
968 224 -24
928 344 -112
1040 368 -32
968 376 -88
1136 336 120
1088 288 40
1016 296 144
944 256 88
968 240 80
912 248 8
1064 232 -24
1008 224 -48
928 248 -88
960 288 -104
1080 280 40
1024 272 -16
1112 256 96
1056 248 96
944 248 56
936 208 72
1016 216 72
936 248 -32
1040 184 48
960 224 -72
912 288 -48
944 304 -96
1144 352 -40
1160 320 16
1144 304 176
1008 280 48
920 304 80
968 304 96
1024 304 120
880 328 -80
1072 296 -32
1048 288 -176
1000 288 -240
976 288 -64
1072 272 16
1128 352 400
1008 376 368
944 352 464
952 384 496
984 352 416
1024 320 336
1040 360 152
1040 384 48
976 288 88
928 248 0
952 208 -24
992 176 -24
976 176 -24
984 200 -48
1056 208 24
1024 240 -80
1104 264 72
1088 264 88
1008 328 104
936 280 80
992 288 136
1024 272 48
1024 168 88
1024 192 0

888 224 72
928 240 128
984 288 32
1176 264 0
1104 256 -72
984 280 -64
880 304 -152
1056 296 -88
984 336 -80
1192 280 152
1136 248 96
1008 232 136
944 208 64
960 240 40
952 264 -88
1064 280 -88
1000 240 -32
904 272 -72
1008 272 -24
1032 256 -72
1256 136 120
1224 168 24
1096 168 32
1056 176 96
984 248 144
904 360 32
968 416 48
992 424 40
968 456 -16
992 408 -160
1032 448 -240
984 384 -112
952 336 -48
992 296 88
1032 320 96
1088 368 112
1040 352 -16
968 360 24
1024 344 -24
912 272 40
968 224 16
968 248 48
936 296 -24
928 336 -112
1048 312 -64
984 336 -16
1176 320 160
1104 320 48
992 296 144
944 264 64
960 280 40
920 320 8
1072 296 24
992 288 8
936 280 -32
896 312 -152
1032 328 -72
1040 344 -48
1232 360 208
1136 296 96
1040 304 152
920 264 120
928 272 120
1032 304 8
1136 272 -8
1056 248 -40
944 216 -32
872 248 -144
1032 280 -104
1120 320 -128
1216 272 40
1104 248 80
984 264 128
904 232 96
928 200 80
1080 248 0
1112 256 -128
1104 240 8
984 256 -72
880 272 -136
968 272 -128
1136 344 -48
1208 304 88
1168 288 152
1032 312 88
952 320 152
976 408 136
944 488 -48
936 416 -144
936 288 -224
984 368 64
944 360 136
976 336 120
1056 328 248
992 328 304
968 368 440
992 336 368
1000 288 360
1016 264 344
1024 248 280
960 248 136
1064 264 80
952 336 -88
1056 376 -24
1024 328 -8
976 272 40
888 264 72
896 272 -8
1072 304 24
944 360 -40
1056 312 64
1000 280 40
960 224 112
1000 232 120
1064 272 144
880 368 -48
1008 344 -56
952 304 -144
936 272 -112
936 272 -96
1064 312 8
968 328 40
1096 288 232
960 256 32
880 224 56
960 200 40
1080 272 56
976 384 -64
1072 344 40
880 280 -96
792 288 -136
912 304 -112
1152 328 16
1176 320 64
1208 280 200
1064 272 80
904 216 64
952 208 96
1144 264 80
1160 224 -16
1104 216 16
968 264 -24
864 280 -136
984 312 -112
1112 352 -32
1200 344 48
1176 288 120
1040 264 160
920 224 80
944 240 136
952 304 -40
1064 248 24
1096 240 -40
992 288 0
904 296 -88
976 320 -112
1048 288 -48
1352 208 136
1288 240 -8
1088 208 -48
984 176 56
968 248 128
1048 312 176
1040 392 96
1104 384 224
1008 456 112
1000 440 88
992 416 -136
1032 304 -392
1040 352 -104
1024 280 32
1032 312 88
1040 352 104
1040 320 64
1008 304 48
952 272 32
872 304 0
1032 304 40
992 296 -24
936 328 -32
920 344 -168
1048 336 -24
1000 344 -32
1168 328 168
1128 280 0
1032 312 152
984 256 96
976 248 64
960 256 -48
1088 272 0
1016 280 -88
944 328 -160
976 344 -184
1088 336 -32
1032 336 -32
1120 280 216
1040 288 56
960 256 72
928 240 56
984 240 56
944 296 -72
1096 296 64
1032 296 -64
928 328 -72
944 360 -144
1192 376 -88
1144 328 -16
1176 312 160
1080 272 120
968 240 152
960 200 128
1000 240 48
1064 256 -72
1080 264 -8
1000 256 -128
912 280 -152
984 312 -152
1136 360 -32
1112 368 128
1128 352 104
1008 344 168
920 352 168
960 360 184
960 336 72
1080 304 -104
1016 296 -144
888 400 -16
960 360 104
1088 328 304
1000 304 400
984 344 408
968 368 368
976 416 320
984 408 336
1008 416 320
1064 440 200
1000 368 128
944 280 64
952 256 32
952 240 16
944 248 -24
976 272 -40
1104 328 -8
992 328 -8
1120 344 64
1064 328 40
1016 312 128
968 256 112
1000 224 176
984 256 40

1280 280 104
1096 288 64
912 232 48
928 208 112
1032 240 32
1040 264 -64
1120 304 -16
1040 304 -120
904 304 -176
984 312 -184
1208 336 -64
1144 304 24
1160 296 120
1032 264 112
928 240 136
944 184 96
944 280 40
832 320 -104
1040 368 -152
1008 344 -264
968 352 32
944 344 112
992 312 272
1048 328 384
1040 272 384
936 296 400
952 312 440
976 328 376
1008 312 256
976 240 184
1008 192 144
984 168 8
1088 224 -104
1048 192 -8
1016 192 24
976 192 72
960 232 64
968 240 104
1008 304 56
1136 264 160
1120 232 160
1024 256 136
952 248 136
1000 256 144
1136 288 136
1048 208 -120
1120 264 56
1000 248 -48
880 272 -128
960 280 -96
1224 352 16
1264 320 40
1112 288 144
1056 264 144
1032 248 112
1016 240 112
1080 256 48
1040 248 -40
1040 216 128
984 264 8
896 272 -128
1000 296 -80
1120 352 -40
1208 312 104
1176 264 184
1056 256 128
960 216 112
960 200 104
976 280 32
1112 200 64
1032 208 -24
1008 264 -48
920 312 -128
1000 288 -48
992 288 -16
1104 248 240
1104 280 -8
1040 256 184
1000 208 184
1000 216 104
1072 288 8
1104 304 -120
1056 184 -80
1016 208 -120
952 232 -144
968 256 -56
1072 240 136
1080 320 248
1016 392 200
952 496 328
1064 440 512
1056 352 384
1048 296 272
1072 184 136
1096 128 160
1064 136 128
1104 184 0
1056 136 -80
1000 168 -24
928 200 8
952 248 48
1184 296 96
1216 280 216
1216 288 128
1080 256 152
928 200 88
936 192 56
1072 216 64
1000 328 -32
1088 256 88
960 288 -104
848 296 -184
928 296 -144
1144 336 40
1120 272 80
1248 288 192
1080 248 152
888 216 96
848 168 104
1040 216 104
1064 368 -152
1120 280 96
1000 288 -40
888 336 -152
936 336 -168
1208 328 -8
1184 256 32
1256 288 152
1112 272 72
960 240 80
936 224 104
1032 240 48
1008 296 -112
1080 264 -16
984 272 -96
952 280 -176
960 296 -176
1056 296 -56
1016 288 32
1144 240 304
1024 272 120
928 296 128
912 336 120
912 352 56
864 496 -72
1056 608 -96
976 584 -104
824 472 -32
784 432 48
856 392 48
1120 376 64
1064 336 184
992 328 120
1000 344 168
1024 360 136
1032 320 184
1000 280 216
1088 240 376
1000 184 112
1024 160 0
1024 72 -208
1032 56 -32
1000 104 48
944 176 56
992 224 88
1136 264 0
1080 280 24
1192 232 136
1096 224 112
952 192 72
904 160 56
1024 200 104
992 344 -64
1120 248 104
1032 256 -56
944 288 -120
936 296 -184
1088 272 -24
1048 312 -16
1232 320 232
1144 304 144
1000 272 120
872 248 16
888 256 96
952 320 24
1192 312 -56
1096 280 -72
976 288 -96
888 312 -104
1056 288 -16
1024 336 -32
1216 328 128
1128 288 88
1008 264 128
936 248 72
944 256 72
872 328 -96
1072 280 32
1040 304 -80
976 320 -64
928 312 -144
1040 312 -40
984 336 -88
1104 280 152
1064 240 96
1032 248 64
976 264 24
904 288 0
840 312 -48
1040 288 -56
1040 272 -56
1000 320 -8
952 320 -56
976 296 -24
1096 312 -128
1240 224 8
1216 304 -176
1120 248 0
1032 208 72
960 200 120
968 296 120
968 352 88
1048 400 80
1072 464 104
1016 456 152
952 456 8
1024 464 -192
976 432 -144
1072 392 -136
1048 376 0
1024 344 16
1008 368 0
1016 368 -8
1024 320 56
1032 336 48
928 256 32
984 224 152
992 264 48
984 312 -72
920 304 -192
1048 320 -88
968 344 16
1160 400 80
1112 352 136
1032 288 168
968 224 88
1000 208 112
984 224 -104
1104 240 32
1088 312 -112

1032 248 48
896 200 128
952 200 136
1136 232 80
1064 272 -24
1064 240 48
944 232 -96
888 288 -208
968 288 -208
1216 328 0
1160 288 56
1256 288 104
1128 264 96
952 248 64
928 224 112
1000 232 120
960 312 -120
1088 264 -48
968 272 -32
896 312 -96
976 320 -120
1040 288 -88
1288 200 136
1264 264 16
1072 192 24
968 104 128
952 232 240
1024 336 128
1016 424 160
1024 440 176
968 416 88
1000 392 48
1016 400 -48
1064 472 -56
1008 344 -48
1048 304 16
1032 368 64
1016 416 80
1040 400 0
1048 368 24
1040 344 56
864 240 -40
1040 208 88
1024 232 40
968 232 -8
920 272 -104
1016 304 -72
1088 392 -96
1144 360 40
1192 344 160
1128 328 88
984 280 136
936 224 144
1016 232 72
1056 248 -72
1080 232 32
1040 288 -40
944 344 -168
976 360 -152
1224 424 -120
1272 352 16
1288 328 88
1128 296 112
968 256 88
936 240 120
1016 272 48
1008 296 -96
1112 288 8
1064 304 -88
968 344 -152
984 368 -200
1200 360 -48
1112 336 -48
1184 336 152
1104 312 104
976 288 96
920 264 40
872 280 -16
888 304 -64
1208 328 40
1096 336 -144
952 336 -104
888 336 -192
1040 320 -48
968 352 -88
1144 328 232
1112 320 184
1024 296 200
968 328 80
960 360 32
896 416 -112
1016 376 -112
1032 328 -128
936 328 -16
920 352 -16
992 344 72
1008 376 232
912 368 344
952 440 576
992 512 528
1056 488 328
1064 416 328
1040 352 208
920 288 16
912 256 -32
1032 272 -80
1048 240 -120
992 312 -64
960 280 -144
1128 336 -16
992 360 -64
1056 304 200
1072 296 40
1024 272 72
920 248 40
880 216 64
944 264 0
1088 216 0
1072 248 24
1008 296 -32
920 320 -144
1032 328 -208
984 320 -24
1216 288 168
1152 288 80
1000 256 168
896 224 88
960 232 104
992 296 16
1112 264 -80
1056 232 -40
952 264 -112
856 264 -112
1024 256 24
1016 336 -32
1176 312 152
1112 280 128
992 264 96
920 216 56
960 232 88
936 296 -32
1088 248 0
1032 256 -72
952 280 -56
896 280 -88
1040 288 -48
976 344 -40
1176 296 112
1120 288 80
992 280 56
936 240 72
952 248 72
920 304 -88
1056 264 8
1040 256 -72
960 288 -32
904 296 -80
984 304 -96
1016 320 -88
1256 256 64
1160 256 32
1048 272 -64
960 240 16
936 208 120
1048 280 120
1104 280 80
1136 312 192
1088 368 312
984 432 336
928 472 160
984 456 -88
976 432 -136
1008 384 -248
1048 368 -80
1040 416 8
1040 376 96
1040 320 96
1048 272 80
1032 256 48
888 288 -32
1040 248 88
992 272 -8
952 280 56
896 328 -88
1024 320 -24
1096 400 -72
1200 344 72
1168 320 160
1080 264 136
952 216 96
984 208 136
960 256 -24
1128 200 40
1048 240 -40
968 296 -48
920 312 -128
1056 336 -96
1064 368 -80
1232 288 160
1128 288 80
1024 272 192
904 240 64
904 216 240
936 264 -64
1192 312 -64
1120 320 48
984 328 0
880 328 -160
1048 344 -8
1000 368 -56
1192 312 160
1112 288 112
1024 272 152
920 232 32
912 256 80
936 296 -24
1136 296 16
1064 304 -72
976 336 -32
888 328 -152
968 304 -32
1016 328 -56
1192 320 136
1128 296 64
1040 248 160
1008 208 96
936 208 40
968 248 40
1080 304 56
1120 320 64
1032 288 120
968 280 112
960 288 80
976 280 56
968 296 32
992 336 16
1000 360 96
1024 376 64
1016 416 56
1008 424 48
992 416 16
984 432 8
992 400 24
1056 360 24
944 280 80
1024 184 176
1040 208 72
976 240 8
904 304 -112
976 312 -104

920 208 48
1000 264 56
976 360 -224
1160 272 88
1048 304 -120
912 328 -176
864 320 -160
1064 296 -88
984 328 -176
1216 272 152
1128 296 32
936 288 104
888 224 80
920 240 72
1000 304 -64
1168 280 -120
1128 240 -96
968 256 -96
856 272 -176
960 272 -160
1192 304 -96
1064 312 -96
1184 264 104
1120 232 104
1024 208 144
920 176 88
944 160 104
1104 240 80
1120 312 -16
1088 328 96
1040 328 64
992 320 8
992 280 -72
992 304 -176
992 320 -96
984 288 -40
1008 256 -40
992 224 -96
1064 216 128
1040 208 184
1000 272 8
968 376 32
968 424 -40
944 456 -72
976 448 -56
1048 432 -40
1000 352 8
880 224 88
1000 216 120
976 208 56
984 288 -24
992 328 -144
1064 328 -104
1096 360 -88
1120 288 -16
1192 288 -32
1072 336 56
952 296 96
944 264 64
976 264 32
912 328 -128
1016 280 72
992 296 -56
976 336 -56
976 304 -104
1024 304 -120
1096 320 -72
1104 280 128
1144 248 72
1072 256 104
968 280 168
952 256 32
1072 248 24
960 248 -96
1040 208 -32
984 232 -88
936 280 -96
976 296 -120
1128 312 -88
1024 336 -16
1120 320 96
1040 288 72
1000 312 96
992 312 32
1000 320 24
936 336 -56
936 272 -64
944 272 -48
944 272 -64
960 296 -120
1072 304 -176
1152 352 -112
1136 312 -104
1104 280 8
1032 272 -8
960 280 24
976 328 48
992 368 32
864 400 -112
992 320 -152
1008 296 -184
952 296 -120
960 280 -8
1016 176 0
1048 192 80
1000 280 336
992 328 384
1008 368 376
1024 344 288
1024 312 280
1032 208 288
1024 192 88
960 272 96
976 360 -56
976 408 40
992 392 80
960 400 64
920 384 40
920 376 16
920 384 24
952 288 104
1048 312 72
1056 336 40
1008 344 0
1064 328 48
1176 376 -80
1024 360 -144
1080 296 48
968 240 40
904 224 0
928 296 -16
1040 352 -8
928 344 -16
1088 336 0
1016 336 -32
968 328 -16
1040 344 48
1160 368 24
944 368 -160
1144 264 -72
1040 264 -80
944 248 -16
840 328 -64
856 416 -72
856 432 8
1064 368 112
1048 344 40
984 344 72
992 304 32
1072 344 56
984 384 -112
1104 296 -72
984 280 -120
936 280 -24
896 336 8
944 376 -40
928 424 -48
1032 384 0
1032 360 56
952 336 56
928 288 80
1088 320 168
1064 408 -40
1008 392 -216
1064 336 -40
968 296 -72
848 272 -112
944 256 -16
1040 232 72
1200 168 224
1128 200 104
1008 208 160
1056 216 320
1008 304 296
984 296 112
944 272 40
952 264 0
984 296 64
1000 320 -32
1024 344 -96
1016 344 -120
1056 288 -128
1016 280 -24
1072 320 152
1008 296 120
960 272 136
976 272 32
1024 280 8
1088 328 40
984 320 48
1040 288 64
952 248 -8
944 248 -48
968 232 -136
1056 224 -32
1080 256 0
1144 240 120
1048 264 96
928 256 72
896 256 72
1008 256 96
1192 296 80
1016 296 -64
1032 240 64
944 248 -32
920 264 -64
960 272 -104
1112 240 16
1000 280 -8
1096 280 152
1024 264 104
960 256 128
968 240 104
1008 216 72
912 248 -24
1040 240 -8
1000 240 8
936 248 -88
912 296 -112
1064 312 -64
1064 344 -24
1216 304 128
1120 288 160
968 288 112
920 288 56
960 280 96
936 312 40
1080 288 -16
1024 264 -24
960 280 -8
896 312 -112
1000 320 -48
1072 360 -64
1200 320 56
1096 304 40
968 304 80
920 344 64
960 384 40
992 424 160
880 312 -72
976 264 -80
960 312 -56
888 288 -136
1056 248 24
1208 304 -72
1064 432 240
928 448 368
920 480 464
968 448 344
992 408 240

928 232 32
968 296 -16
1104 272 -112
1056 248 -8
936 264 -48
856 280 -112
976 280 -128
1192 360 -88
1088 328 -32
1152 344 168
1032 304 64
992 344 16
1000 312 24
1032 288 24
904 312 -96
1056 256 40
1032 280 -40
992 312 0
944 328 -88
1000 320 -24
1056 336 -64
1216 176 128
1168 136 -144
1024 144 16
1016 144 104
1096 216 160
992 304 -56
1008 256 128
1032 280 120
984 304 120
984 344 88
968 368 -24
992 328 40
984 280 8
1024 248 -40
1032 232 -16
1128 112 712
896 64 -88
952 184 208
992 240 80
1056 200 56
1184 280 104
1088 296 -64
1056 224 -24
1032 224 -40
960 232 -8
864 200 24
904 224 -40
1208 248 80
1128 312 80
1104 304 120
944 312 8
848 312 16
1080 344 88
1248 344 32
1000 304 -64
1152 216 216
944 248 8
784 216 -24
792 232 -16
1000 264 -16
1016 352 -16
1144 360 168
1000 336 -48
928 320 32
1048 296 64
1176 320 72
1064 248 -64
1056 192 80
888 192 -24
800 176 -8
904 184 -24
1208 248 64
1096 344 8
1152 344 24
1000 336 -24
960 280 80
1088 256 160
1200 184 200
1112 112 32
1048 88 96
936 128 -56
856 208 -144
1000 264 -104
1256 352 -16
1232 304 24
1208 296 104
1056 264 104
928 216 104
944 256 80
968 352 -112
1144 384 -72
1008 368 -176
872 376 -56
1000 408 -88
1104 456 256
1056 336 496
992 360 256
1000 456 240
1000 456 200
1016 504 176
1056 448 216
1040 384 136
1048 344 88
1024 240 56
984 192 0
968 144 -8
960 184 -32
992 232 -152
1112 264 -176
1024 360 -80
1112 384 8
1096 336 0
1032 280 128
1024 232 48
1080 216 104
1040 256 -40
1024 216 16
1008 216 40
928 248 -64
888 272 -144
1032 312 -136
1168 368 -152
1232 320 -16
1168 304 128
1016 288 80
928 240 88
976 216 104
1088 256 40
1064 232 -48
1088 232 -8
944 264 -112
872 272 -160
1016 312 -112
1264 368 8
1184 320 0
1160 304 152
1000 296 64
872 264 96
960 240 96
1160 216 48
1072 256 -48
1056 296 8
928 280 -96
896 320 -208
1032 336 -88
1176 384 -96
1240 320 -8
1216 280 88
1080 248 80
944 216 48
936 232 88
960 272 -8
1000 264 -48
1048 304 -88
1000 312 -72
960 328 -104
1016 320 -24
1040 264 32
1168 104 272
1088 88 120
1000 64 208
1032 112 256
1096 176 160
1048 232 72
984 208 80
960 240 -24
984 264 -104
1000 280 -88
992 272 -152
1048 296 -128
1040 272 -16
1032 248 144
992 232 104
992 272 64
1024 296 -88
1064 288 40
1056 248 144
960 216 120
1008 224 88
920 248 -32
912 248 -72
952 272 -112
1072 264 -80
984 232 32
1128 272 40
1064 248 56
952 232 64
936 200 80
1032 200 72
936 256 -104
1104 232 8
1032 240 -88
936 240 -80
912 248 -128
1032 248 -16
1016 280 -56
1160 248 136
1104 248 0
1024 240 72
976 216 88
992 176 72
992 216 -16
1144 200 48
1048 160 -24
984 200 -16
920 216 -88
1016 224 -72
1040 288 -72
1184 280 0
1120 296 48
1000 272 96
968 232 88
1008 216 112
880 288 -56
1056 224 -40
984 176 0
936 224 0
936 264 -32
1048 296 -40
976 328 -32
1136 304 24
1048 296 32
944 288 104
928 296 128
952 336 16
832 384 -120
1016 352 -16
984 272 -56
896 280 -8
1000 288 0
1048 256 192
1016 256 168
968 352 280
992 368 392
952 360 320
936 336 304
1000 288 232
992 304 200
1056 296 200
992 272 128
1016 184 152
1040 128 16
984 80 8
944 120 -16
936 152 -8
1072 200 56
1016 296 16
1128 280 144
1072 280 120

1008 248 0
992 248 -8
968 256 24
928 280 -72
1040 296 -64
1080 232 40
1200 144 176
1128 112 64
1032 56 88
1064 40 208
1024 160 192
968 232 104
992 232 80
1032 288 56
992 296 40
1008 296 40
968 296 -80
960 312 -136
1072 312 -208
1080 296 -144
1032 304 8
1016 248 152
1000 224 72
1048 216 64
1144 232 8
984 288 -40
1024 256 64
968 296 -24
944 304 -104
904 296 -128
1032 296 -48
1088 336 -32
1112 320 64
1136 280 48
1080 248 168
1000 208 88
1016 152 144
1056 192 -8
1120 168 24
1000 184 -8
936 208 -80
928 232 -200
1048 232 -224
1176 328 -24
1216 296 56
1144 304 72
1056 272 120
976 224 112
976 192 112
1072 200 96
1040 208 8
1064 208 -24
976 232 -80
896 256 -104
984 280 -96
1176 312 -56
1040 280 -16
1120 232 112
1048 240 88
936 192 136
976 176 120
1136 176 136
968 192 -72
1032 160 40
984 192 -56
920 224 -88
984 248 -136
1088 200 -112
1000 256 8
1104 272 72
1040 256 48
928 256 144
976 272 24
984 280 -40
872 264 -104
1040 200 -72
992 240 -128
960 248 -168
984 264 -112
1176 256 64
1072 264 256
952 296 376
960 288 424
1008 232 392
1056 168 344
1064 176 288
984 144 144
1064 160 80
944 256 64
1008 256 344
1016 200 176
920 192 136
936 192 16
1080 216 24
1008 240 40
1096 248 56
1048 216 64
936 192 56
888 184 -32
1024 240 72
1032 336 -112
1096 328 -152
1016 272 -56
928 232 8
888 208 24
1000 184 48
1088 232 0
1176 200 192
1152 240 192
952 216 32
896 248 40
1072 256 120
1160 360 -24
1112 280 -168
1048 216 -56
992 160 72
864 160 32
936 200 24
1136 304 -16
1176 280 88
1168 296 24
1008 280 16
888 240 48
1008 248 136
1248 296 96
1088 312 -120
1064 200 -16
936 256 -136
848 256 -200
952 304 -48
1192 352 32
1104 304 48
1144 240 184
1000 184 0
888 152 40
1024 224 72
1192 296 72
960 304 -96
1032 248 80
968 240 -80
912 192 -120
968 184 -48
1024 152 128
1264 64 232
1136 136 24
976 128 88
1072 136 248
1064 240 168
968 272 -40
1008 224 -32
1048 280 -8
992 288 -8
992 304 0
960 304 -88
1000 280 -256
1072 224 -120
1056 224 -40
1056 312 -8
1032 312 56
992 296 64
1000 256 16
1024 264 56
1048 288 32
1008 272 24
1040 272 64
936 272 -16
920 296 -80
968 312 -160
1072 304 -56
984 304 -104
1128 312 -32
1136 296 88
1048 264 144
944 216 48
992 200 24
1048 224 -24
1080 208 -32
1064 216 -16
976 248 -48
888 264 -176
1032 304 -280
1152 328 -16
1080 328 8
1160 328 96
1032 288 96
944 256 88
968 224 72
968 208 32
896 280 -72
1080 248 -16
1016 256 -88
936 272 -56
936 296 -112
1048 304 -88
1008 336 -56
1152 376 0
1160 280 72
992 272 32
1000 232 112
1032 248 144
960 264 -40
1016 216 0
1072 248 -64
992 216 -48
872 232 -120
1000 256 -64
1096 296 -96
1184 280 8
1216 248 0
1064 264 96
944 280 32
968 304 16
1024 296 48
888 248 -144
1056 216 -40
1048 240 -96
968 128 -144
896 88 -176
1040 208 128
1120 312 392
856 216 392
896 208 560
1000 256 440
984 280 320
936 304 240
968 360 336
1024 408 248
1096 360 280
1040 288 176
992 272 112
912 328 8
856 400 -64
936 440 0
864 416 -56
1064 328 64
1048 352 64
1040 328 160
992 296 112
1032 360 0
1176 448 -40
1184 328 -112
1104 248 -32
952 232 64
888 216 72
928 216 32
1056 264 -40
1128 264 96
1088 288 176
1016 264 16
944 272 -48

1008 312 0
984 304 24
976 320 24
1024 336 -128
1064 304 -152
1016 312 -144
1056 288 56
1056 248 56
1032 264 112
968 264 32
984 264 24
1032 272 96
952 288 0
1056 272 88
1016 288 24
952 312 -24
888 304 -144
992 328 -136
1136 384 8
1192 328 24
1168 248 96
1072 280 120
928 224 104
984 192 104
1032 216 80
1112 200 -32
1080 200 -40
1016 264 -88
920 272 -192
992 288 -176
1200 360 -72
1184 320 80
1192 280 152
1096 264 136
952 224 144
984 192 112
1096 200 24
1032 232 -48
1088 240 -16
976 240 -136
888 256 -144
976 288 -176
1200 288 -56
1088 280 -32
1160 256 96
1064 240 104
928 224 56
968 200 96
1088 208 64
984 232 -88
1056 160 64
976 224 -64
936 256 -168
976 280 -160
1072 288 -56
1032 320 -48
1184 296 112
1024 272 56
936 280 120
960 280 88
1040 264 48
912 264 -88
1112 232 -32
1024 256 -160
920 288 -200
1056 248 -88
1136 224 152
976 192 264
944 288 440
968 296 344
1000 312 328
1000 272 320
1000 240 376
1016 240 280
1000 304 192
1168 280 160
1160 248 152
1048 272 88
976 344 8
912 352 -16
896 280 64
1080 336 -8
1136 296 72
1152 232 72
1040 216 -56
944 232 -24
952 288 48
1024 312 24
968 328 -112
1168 320 -104
1032 256 -120
936 216 -8
888 256 -56
952 288 -72
992 368 -40
1080 320 64
1088 312 8
1016 280 32
952 264 40
1080 240 80
1096 320 -32
1096 304 -232
1008 248 -80
936 224 -48
872 224 -56
976 208 -32
1088 320 80
1232 272 216
1112 216 136
968 192 80
928 184 112
1072 232 184
1048 368 -136
1104 392 -208
1056 328 -120
952 304 -56
880 280 -64
960 280 0
1120 336 0
1104 264 48
1112 208 96
984 208 48
1000 312 112
1080 376 -40
1224 416 -24
904 384 -168
1024 248 40
952 272 -152
912 280 -128
1024 280 72
1184 208 176
1152 104 72
1128 120 88
1072 184 160
1080 232 328
1048 240 408
1072 240 496
1024 312 344
968 336 96
984 296 56
1008 272 40
1032 240 32
1024 224 0
1000 216 -72
1064 232 -64
984 200 -32
1032 176 112
1024 232 80
1000 232 56
1024 264 -16
1096 272 24
1104 280 32
944 192 64
1008 168 64
1000 216 32
944 248 -112
952 288 -128
1080 312 -152
1136 360 -112
1144 328 -64
1184 296 88
992 272 112
896 232 80
968 216 56
1160 240 64
1040 240 -72
1096 200 0
984 240 -152
928 312 -136
968 328 -144
1048 296 -48
1112 360 160
1064 312 192
1040 296 160
968 288 232
952 264 96
992 216 48
1040 240 -8
1120 208 72
1048 232 -8
992 232 -24
944 280 -128
1008 328 -184
1176 344 -80
1168 312 0
1168 280 80
1032 272 104
952 240 128
1016 224 120
1088 240 88
984 264 -88
1088 264 -8
1000 248 -144
944 264 -120
1008 288 -112
1128 328 -120
1016 312 -56
1112 304 64
960 264 96
904 224 72
992 232 136
1008 216 48
936 216 -72
1080 232 -120
1040 240 -176
976 248 -112
1024 256 -64
1080 208 104
1000 160 312
976 232 408
992 248 368
1000 264 280
1000 264 280
976 272 280
1040 256 288
1040 248 208
1072 240 192
1080 256 48
1040 224 40
944 224 48
888 264 72
888 248 -8
1024 240 -8
1048 272 -16
1104 240 104
1032 240 56
984 240 40
1016 264 32
1072 192 240
952 280 -104
1040 328 -168
1040 288 -80
944 272 48
920 264 48
1048 184 128
1176 216 104
1168 168 128
1144 240 136
1016 240 32
968 264 40
1064 304 48
1208 336 104
984 280 -32
1048 232 -16
1000 224 -40
968 200 32
952 200 24
1136 184 144
992 216 40
1112 240 144

944 264 8
1000 264 48
1176 304 104
1024 328 40
1024 248 64
960 296 24
872 312 -48
880 328 -40
1024 328 -96
1072 328 -64
1040 304 0
1080 280 168
992 264 144
944 240 112
992 216 136
1112 224 8
960 216 -24
1016 200 -48
952 232 -88
928 248 -120
968 280 -144
1072 272 -8
1056 304 -64
1168 248 240
1088 248 128
944 232 200
944 216 72
1024 216 48
1160 240 8
1080 240 -160
1056 248 24
968 240 -64
904 240 -88
992 256 -112
1208 296 -64
1072 304 -40
1128 288 120
1040 232 80
928 192 112
960 184 72
1136 208 104
1032 256 -128
1056 224 -16
976 240 -120
904 272 -144
976 272 -160
1152 288 -40
1120 360 -128
1112 272 128
1024 264 16
936 240 88
952 216 104
1032 232 -24
952 272 -120
1000 224 -40
976 240 -168
928 240 -128
1024 184 56
1120 216 224
1040 224 336
944 280 352
952 288 336
1008 288 280
968 296 264
952 312 120
920 304 280
984 344 408
1056 320 136
1024 272 96
976 240 48
968 232 -8
936 240 24
992 224 40
1016 240 0
1048 216 80
1048 248 16
952 304 -120
936 312 -24
1016 312 -16
1128 344 -56
968 312 -32
1096 216 104
920 240 -96
832 232 24
816 256 -112
1016 256 -8
968 296 -8
1136 296 160
1032 304 64
928 288 32
984 312 48
1064 224 160
880 224 -48
1128 192 -32
1032 168 -144
944 192 56
952 192 80
1000 184 32
1040 240 40
1160 248 144
1104 256 72
968 264 72
904 264 40
1000 288 16
1064 376 -72
1120 312 -176
1056 224 -96
984 216 24
912 208 64
984 240 -32
1112 288 -8
1184 280 120
1120 280 72
1032 304 64
944 304 -24
1032 328 -32
1144 424 -112
1096 344 -56
1080 248 8
992 200 40
896 176 56
992 104 80
1056 128 96
1168 160 184
1144 216 168
1032 208 168
960 224 264
1016 232 392
984 272 168
1000 248 72
1000 200 -8
960 272 24
952 272 56
984 296 -32
1016 280 -32
984 272 -120
1048 312 -120
1048 312 0
1064 304 80
1032 304 128
1000 320 56
984 336 -32
1024 344 -8
1112 312 56
944 280 48
1000 240 112
944 240 40
936 272 -16
960 296 -112
1104 328 -160
1168 368 -136
1120 312 -48
1096 280 56
1000 248 88
952 240 168
1000 224 64
1096 232 48
992 240 -96
1072 200 -24
992 208 -120
928 256 -136
936 288 -168
1056 272 -32
1000 336 40
1120 304 144
1032 304 16
952 264 56
968 296 40
992 256 88
976 264 48
1056 240 16
1024 208 0
936 224 -96
904 256 -120
1056 280 -128
1112 320 -80
1216 288 88
1144 264 88
992 264 112
896 240 64
976 232 120
1008 288 24
1088 264 -64
1024 216 -72
936 224 -128
880 248 -152
1040 272 -160
1104 304 -96
1168 288 0
1120 280 56
968 304 32
936 328 56
928 368 80
864 392 -48
1032 368 -112
960 344 -80
888 264 -48
992 272 48
1168 280 112
1080 272 336
936 344 272
952 448 320
976 472 272
1024 440 240
1032 400 200
1040 360 160
1016 344 104
992 344 16
912 304 -40
920 296 -40
904 384 -120
920 352 -24
1080 320 48
1048 248 80
1088 240 144
1024 224 64
1000 240 72
1016 296 16
1072 368 -8
968 400 -24
1088 296 40
1008 192 24
952 216 80
920 216 8
1016 224 32
1000 280 -40
1168 264 96
1088 304 16
960 264 32
904 272 8
1032 280 120
1000 360 -40
1104 232 -208
944 200 -104
880 168 32
840 224 -48
976 280 -48
1000 312 -56
1224 232 200
1104 248 72
952 216 152
880 264 96
1024 312 104
1168 432 -56
1096 424 -176
1064 336 0
1000 280 -16
912 288 -40
1000 288 40
1064 336 -8

1056 296 56
1104 320 72
1000 336 -16
888 312 48
992 320 56
1176 368 64
1032 352 -112
1016 296 -64
936 272 -96
888 232 -40
1056 176 112
1080 168 -8
1128 120 176
1152 176 232
1056 192 200
984 192 248
1040 208 392
1000 280 168
976 296 -40
976 296 8
976 320 -64
968 320 -128
960 312 -152
1032 328 -208
1032 320 -152
1072 320 32
1016 272 48
1008 264 72
1000 264 24
1048 264 8
1088 296 72
1040 240 56
1040 248 88
944 312 40
928 312 -96
1024 312 -184
1072 296 -48
976 336 -56
1184 272 176
1096 288 24
1056 296 120
1016 264 -24
1008 160 88
896 224 -120
1080 192 64
992 248 -112
968 296 -168
976 336 -200
1088 352 -176
1072 368 -96
1224 320 144
1144 288 88
1032 288 144
936 192 160
984 192 96
1024 232 24
1200 240 -16
1080 256 -88
936 264 -80
896 288 -128
1064 336 -184
1152 328 -24
1128 344 -8
1128 328 104
1016 296 48
912 248 56
976 232 112
1064 264 88
1088 264 -72
1128 272 -24
976 264 -152
904 288 -128
1048 296 -120
1152 344 -88
1168 312 0
1160 320 48
1024 288 32
944 304 48
1008 368 8
984 344 72
1040 304 8
1016 304 -80
928 304 -96
952 272 -80
1000 280 32
1008 240 304
936 280 312
968 352 328
968 408 184
984 416 320
1064 432 416
1056 376 264
976 256 184
968 376 136
976 376 64
888 360 -40
832 376 -72
816 456 -168
864 544 -208
888 616 -24
1008 464 112
968 336 72
920 296 56
944 336 -80
1048 352 24
1144 376 -32
896 360 -120
1104 296 40
960 312 -80
904 336 -216
944 312 0
1104 288 120
992 272 -40
1056 256 152
984 272 16
944 272 32
1024 304 40
1256 376 56
1072 384 -136
1072 304 0
976 272 -120
864 248 -80
936 256 24
1072 320 56
1176 304 128
1144 312 80
920 248 -16
880 200 -88
1056 344 8
1056 408 -96
1104 400 -200
1000 312 -152
928 280 -64
888 256 -56
1016 264 -32
1008 336 -176
1160 312 128
1088 296 40
960 232 80
896 240 24
1056 304 48
1056 448 -168
1112 440 -56
1008 368 -120
904 312 -48
984 256 -24
1128 200 104
1128 184 32
1192 208 144
1064 248 192
976 232 424
1016 224 608
1064 296 448
1016 320 136
1008 352 168
968 392 56
968 360 16
992 344 -200
1040 432 -144
1016 416 -72
1096 392 40
1056 352 -24
1024 296 80
1008 288 8
1088 272 48
1096 280 104
1048 224 128
1016 248 152
904 272 8
928 352 -96
1000 360 -168
1184 368 -56
1000 344 -32
1104 288 120
1128 288 88
1040 264 80
1016 216 80
1080 184 96
960 224 -104
1088 232 40
1016 240 -96
952 280 -120
936 312 -160
1056 304 -24
1008 320 -64
1136 288 192
1080 248 128
1040 208 224
1008 184 88
984 192 88
920 224 -8
1096 256 -8
1008 272 -96
936 280 -80
952 312 -128
1064 328 -96
1024 344 -16
1152 296 16
1080 264 80
992 224 168
952 200 96
992 192 80
928 256 -48
1088 248 -48
1024 264 -88
968 256 -120
944 256 -160
1040 264 -32
1032 312 -56
1216 328 64
1056 280 88
944 272 88
984 272 128
1000 288 0
920 312 -80
1008 296 -96
928 328 -112
864 280 -8
1088 264 192
1024 256 352
904 248 336
984 280 440
1064 208 272
1000 160 192
944 176 168
1000 152 112
1016 96 104
1000 152 16
952 208 -56
1000 264 128
1008 272 184
976 296 48
1064 320 72
1016 336 64
1072 232 112
1024 128 88
1024 136 72
1048 176 0
1128 240 104
968 320 40
1064 288 -88
976 256 -184
984 224 -16
968 176 -8
1072 168 40
1072 224 72
1136 176 192
1056 184 80
976 232 48
912 288 40

1000 272 64
984 296 -16
1144 272 -184
976 256 -160
936 288 -16
928 288 40
1016 296 8
1016 312 56
1160 248 224
1080 256 56
960 264 16
936 264 16
1016 304 72
904 344 -64
1192 376 -136
1056 272 -152
952 248 -104
896 264 16
952 272 -8
952 320 -104
1128 256 88
1032 224 0
944 208 16
952 232 -32
1008 344 -64
1096 416 -80
1072 376 -112
1008 312 -8
1032 344 -64
928 280 48
1016 208 64
1008 152 32
1096 168 96
1136 184 256
1000 224 448
944 240 440
1016 264 472
1056 312 456
952 240 192
960 280 280
1016 288 208
1016 328 144
1008 360 -72
1040 304 -32
1024 264 -104
1088 240 128
1040 264 48
1040 304 96
1064 336 72
1024 280 96
1088 240 56
936 200 -8
1056 216 88
960 256 -40
928 296 -64
976 352 -184
1080 336 -96
1048 336 -48
1208 296 48
1120 256 104
1000 232 120
992 192 232
1000 176 48
976 216 -104
1112 232 8
1056 240 -8
976 264 -88
920 272 -136
1080 280 -128
1168 320 -80
1200 288 80
1128 272 112
1048 240 192
968 224 160
992 184 176
1016 240 8
1128 232 40
1056 216 -56
968 248 -48
952 232 0
1032 248 -40
1088 280 8
1168 248 56
1176 272 8
1080 288 112
1024 224 168
1016 200 136
888 224 -40
1112 200 96
1016 192 -48
960 248 -48
968 288 -144
1064 288 -48
1032 304 -8
1144 312 88
1064 280 104
984 256 152
1000 248 144
1000 296 32
1072 296 0
1032 272 -64
912 256 -88
952 248 0
1072 280 176
1072 216 376
976 240 352
968 336 280
992 472 248
1008 416 432
1144 352 288
1096 272 328
992 264 128
944 272 40
904 288 -64
904 352 -72
952 352 -48
1008 296 8
1080 240 184
1064 272 112
1000 264 8
992 224 24
1072 240 -32
1192 320 -16
1096 248 -8
1112 200 48
960 144 -16
904 104 -24
952 184 48
1160 256 104
1176 232 120
1144 224 88
992 216 8
976 176 56
1088 200 120
1168 256 -40
1080 240 -176
1072 120 -48
1032 152 16
920 168 8
912 176 24
1096 256 64
1272 232 208
1184 200 40
1024 200 32
936 208 24
1072 232 80
1040 328 -8
1040 248 -144
928 184 -96
904 224 -104
928 296 -72
1000 272 8
968 272 48
1128 216 192
1032 192 64
856 160 200
960 184 48
1168 304 -8
952 272 -128
1064 240 64
1000 296 -104
960 256 48
1080 192 88
1104 128 48
1080 112 136
1192 112 240
1128 144 264
1040 168 408
1072 144 520
1000 216 408
1008 272 304
968 320 120
976 312 88
992 352 -32
1000 336 -80
1016 296 -88
1064 280 -112
1088 224 -32
1032 256 32
976 264 104
944 272 88
1008 280 32
1160 272 96
1016 256 72
1024 208 120
968 232 56
936 256 16
936 280 -112
1056 304 -88
1104 312 -40
1056 328 -24
1112 240 240
1072 232 200
992 208 160
976 152 192
992 176 88
1152 152 80
1096 200 -24
1008 248 -136
952 272 -176
1072 264 -48
1104 312 -8
1192 288 144
1152 264 128
1056 304 104
1032 312 128
1016 192 184
1024 184 48
1144 176 24
1072 224 -16
984 280 -24
920 288 -120
1016 280 -96
1232 344 -56
1200 312 -8
1160 256 128
1024 248 176
968 192 136
1016 192 160
1008 208 112
1080 160 72
1056 184 40
984 224 -56
904 248 -112
1000 280 -104
1128 344 -80
1216 312 56
1112 280 128
976 240 80
928 232 120
968 208 104
976 256 -8
1152 232 40
1080 176 -72
976 192 -104
1024 208 -104
1056 192 56
984 216 216
952 248 336
952 320 384
976 320 400
952 408 424
968 368 104
944 360 200
1000 360 128
1056 400 112
1056 328 96
1008 280 152
936 264 72
888 256 -24

1104 240 168
1024 224 88
1008 168 136
1088 200 48
1112 216 -56
1072 216 56
984 256 -48
960 288 -120
1040 312 -136
1176 360 -88
1112 304 -8
1120 264 216
1032 240 128
960 200 152
992 184 112
1080 200 80
944 240 8
1112 200 80
1016 224 -112
944 232 -24
944 248 -104
1008 224 48
1104 264 24
1240 360 0
1216 248 152
1056 272 160
1000 240 184
1016 216 144
928 264 -128
1144 240 72
1072 248 -80
976 264 -72
936 272 -88
992 256 -40
1024 296 -80
1184 264 56
1120 280 0
984 288 48
936 296 88
1008 296 40
960 304 -8
1048 256 -32
1040 224 -72
936 240 -40
1000 256 -120
1024 232 16
1024 256 176
968 360 200
992 504 320
1024 528 360
1008 520 424
1008 464 304
1032 448 200
1064 432 40
1032 312 120
976 176 16
1056 176 24
1080 176 16
1032 192 16
952 224 -40
992 248 -80
1088 296 -8
1008 280 96
1080 256 128
1080 264 224
1064 240 216
1048 200 192
1000 184 104
1016 208 -72
1128 200 8
984 168 -24
952 208 -16
976 232 -112
1056 240 -72
1056 232 -32
1192 248 112
1136 216 120
1032 224 184
976 216 104
1040 160 128
1136 192 64
1080 160 40
1040 192 64
976 232 8
920 240 -112
992 264 -176
1208 304 -136
1112 304 -40
1104 256 144
1016 264 112
936 240 72
976 224 80
1120 224 64
968 200 -64
1040 184 8
968 232 -80
960 256 -96
1008 288 -120
1120 288 -32
1008 256 -48
1136 264 104
1112 240 96
1048 256 168
1008 216 120
1008 192 72
984 208 -112
1088 192 -24
1048 208 -64
968 264 -80
920 288 -160
1056 304 -88
1040 328 -96
1176 256 192
1152 304 136
992 -48 192
936 56 104
1032 56 -8
1112 232 208
1024 296 168
984 256 16
1048 200 64
1000 304 136
968 264 128
928 384 184
888 416 -72
872 488 -32
912 400 32
960 248 344
1008 184 320
976 224 224
992 272 224
992 344 48
1024 400 -8
1088 400 -8
1088 304 64
1024 120 32
1048 -8 128
1000 32 128
1000 136 96
1000 264 -112
1088 296 16
1064 320 -72
1152 312 56
1160 272 208
1080 248 136
1016 152 232
1032 96 152
1080 136 144
1104 120 88
1064 192 32
992 248 -56
960 288 -104
1048 312 -88
1112 344 -32
1128 304 40
1112 256 256
1024 232 136
976 192 160
1000 160 120
1120 216 80
1144 224 -32
1072 216 32
976 208 -48
904 240 -56
1024 256 -40
1144 296 -32
976 264 16
1080 240 176
1048 232 -32
1008 240 96
1080 208 136
1120 176 88
904 192 -88
1032 208 24
1000 224 -104
944 256 -120
960 296 -152
1072 280 -104
1032 280 -56
1192 256 152
1056 240 48
936 232 96
928 216 72
968 240 40
1008 272 -24
1104 248 -72
1080 216 -104
976 200 -128
952 216 -88
1064 216 56
1128 224 256
1056 256 440
968 296 408
968 312 344
1000 296 296
992 240 296
1016 200 312
1032 136 280
984 120 184
968 112 88
1032 96 56
1000 120 96
968 152 72
952 216 32
936 280 24
1016 352 64
1088 360 176
1048 320 144
1096 280 184
976 232 144
912 184 120
960 192 120
1104 248 192
1264 336 128
1080 256 -72
1000 184 -56
920 232 -88
872 272 -72
1032 296 -96
1416 296 80
1200 296 112
1144 248 224
904 208 40
872 192 56
1056 200 56
1336 296 136
1088 312 -152
1064 296 128
920 304 -120
848 288 -176
968 280 -184
1216 320 -48
1208 264 144
1216 256 240
1000 216 80
824 152 80
1008 176 88
1288 240 96
1024 224 -64
1080 200 80
952 224 -96
896 256 -160
968 296 -144
1120 288 0
1032 280 104
1192 232 256
1048 216 128
896 184 144
888 168 40
1040 200 64

1128 248 64
1064 192 24
1072 200 48
1032 272 -72
976 320 -160
992 328 -176
1072 328 -96
992 328 24
1152 312 312
1048 272 152
1000 240 176
1016 200 128
992 200 72
944 240 32
1144 248 -32
1040 248 -144
968 264 -72
952 296 -216
1072 304 -96
1112 320 0
1160 320 32
1120 280 40
1008 296 144
904 232 56
936 208 144
936 256 56
1112 224 48
1088 256 -32
1008 256 -128
936 272 -168
1016 288 -120
1032 320 -96
1168 320 64
1096 288 152
968 288 104
960 312 64
1000 328 40
936 336 -64
960 256 -48
1016 192 -104
1000 264 -208
1016 240 -160
1120 176 -80
1128 160 216
1000 320 376
928 368 344
952 408 392
1000 368 320
1000 384 208
1040 408 248
1080 352 232
1064 344 184
1040 352 72
992 376 64
936 304 -88
936 384 8
984 256 -8
1064 264 0
1000 288 0
1088 352 112
1024 336 88
952 320 128
976 312 88
1112 336 32
976 312 -40
1088 232 64
1016 216 48
960 224 32
912 256 32
960 312 8
992 360 8
1112 320 104
1032 280 80
952 240 128
976 256 80
1136 304 200
1128 376 -88
1000 376 -224
1072 264 40
1016 272 -32
952 256 64
976 296 40
1104 320 56
1032 296 88
1064 288 56
984 272 56
928 264 48
1080 296 120
1224 360 72
936 352 -104
1072 336 -64
992 328 -248
928 296 -136
896 288 8
960 264 48
952 304 64
1112 256 176
1000 184 88
912 96 -8
984 184 64
1152 288 80
1008 376 -32
1040 360 -32
976 272 -64
952 216 -32
928 216 -32
1056 200 24
1208 248 96
1256 160 208
1160 96 176
1048 88 152
1016 176 232
1048 192 320
1096 240 472
1048 296 360
968 272 144
976 240 112
1008 208 -72
992 288 16
1000 296 56
1016 320 -24
1056 328 -96
1024 304 -56
1080 304 40
1080 304 104
1048 280 152
1016 264 88
1016 248 64
1184 248 80
944 264 64
976 240 192
928 256 56
928 288 40
960 304 -80
1064 304 -80
1056 296 0
1144 296 104
1120 296 48
1096 264 200
1016 216 168
976 176 160
1048 192 24
1104 192 -96
1080 200 -8
1008 248 -72
944 280 -160
1000 304 -184
1168 344 -112
1144 312 32
1152 264 136
1032 256 136
960 200 144
1016 176 168
1128 216 96
1000 224 -40
1096 184 32
1000 208 -104
936 240 -80
1032 272 -64
1048 176 144
984 160 -56
1104 248 128
1048 256 160
992 272 208
1016 216 216
1000 176 128
880 160 56
1104 160 72
1048 216 -16
984 264 -56
896 264 -144
1016 248 -48
984 240 -88
1232 312 112
1160 248 72
1008 264 136
952 208 144
960 224 40
872 256 -8
1088 232 -80
1048 232 -160
1024 224 -96
1032 264 -128
1136 264 -168
1120 160 280
1024 208 336
1000 264 480
968 280 424
1056 288 368
1072 280 320
1056 240 208
1056 176 216
960 288 152
936 408 128
1016 432 48
1008 376 24
968 312 40
920 288 -8
856 216 -72
1000 264 24
1272 320 32
1120 264 48
1112 288 80
1008 288 -8
952 224 64
984 264 96
1064 272 144
1032 312 -96
1168 288 32
1016 264 -80
872 328 -80
784 424 -144
816 528 -136
904 504 -40
1032 424 200
1072 416 88
1008 400 64
976 344 64
1056 288 48
1144 344 -80
1112 272 -80
1032 200 -24
928 192 24
880 208 -16
976 240 40
1128 296 80
1176 248 152
1120 232 176
968 216 48
896 232 -16
1064 264 88
1144 320 -40
1064 344 -208
1072 280 -56
1008 248 -8
944 224 8
984 224 16
1128 248 48
1064 216 120
1184 256 72
1056 280 112
952 256 128
1032 280 80
1192 368 8
952 368 -152
1064 232 56
1040 208 0
968 216 136
1056 200 96
1160 168 128

960 296 376
984 248 328
1032 232 168
992 256 168
1056 304 200
1056 320 280
1048 320 128
1024 272 232
1040 272 112
944 296 56
848 336 -96
864 456 -192
920 488 -168
912 408 -32
992 240 184
992 240 96
992 328 40
1040 448 296
1088 400 176
1200 384 -16
968 376 -224
1112 312 56
1016 296 -48
952 280 48
896 400 40
992 384 168
984 320 48
1064 304 48
984 312 0
1016 304 88
1056 344 80
1080 352 40
928 400 -296
1232 336 -40
1112 288 -24
960 280 -24
936 344 -88
976 288 48
952 336 -56
1112 336 136
1152 360 48
984 328 24
960 328 32
1128 384 24
1136 248 32
1040 264 -208
1048 272 -8
928 312 -56
928 312 -16
1056 312 88
1112 272 72
1000 216 -8
1192 248 64
1096 280 16
944 272 96
992 368 24
1184 432 32
944 288 -56
1040 136 0
952 160 -64
936 184 -32
976 224 0
1080 248 96
1096 184 104
1200 120 136
1112 224 56
1064 224 272
1032 240 440
1000 224 608
1008 312 560
984 344 184
1008 360 128
1024 368 80
1040 376 24
1040 392 -88
1048 288 -96
1080 232 -136
1040 224 -48
1064 280 56
1040 304 128
976 288 104
952 256 40
1000 248 32
1192 272 96
1072 240 104
1048 232 200
968 264 56
912 336 -72
976 352 -144
1120 368 -32
1024 328 24
1160 296 128
1120 248 104
1024 232 144
984 192 136
960 208 128
944 264 -32
1096 256 8
1096 264 -48
992 256 -184
952 264 -160
1032 296 -112
1144 352 -24
1200 320 160
1120 304 128
1064 264 64
992 224 88
1000 144 120
1048 144 72
1200 176 40
1088 208 16
960 248 -48
888 256 -64
1024 280 -48
1016 312 -88
1216 288 88
1200 296 8
1120 248 104
1056 216 144
1040 176 120
920 200 -80
1072 184 64
1032 232 -80
992 312 -96
1048 352 -208
1160 376 -120
1136 352 -56
1176 288 168
1096 272 64
1032 256 144
1048 264 184
928 312 24
992 296 -56
1008 272 -176
944 296 -144
976 296 -120
1184 288 -16
1104 232 288
992 304 280
1016 320 368
1072 304 360
1024 264 288
984 208 272
1000 312 56
1056 384 32
1072 376 104
1080 304 -16
992 296 160
888 336 152
904 280 64
1056 232 56
1040 232 24
1160 280 80
1120 304 -72
1040 224 168
1008 248 160
992 240 112
864 280 -32
952 240 -40
984 264 64
992 288 24
912 216 0
904 200 112
912 296 8
1152 272 208
1104 288 32
968 264 -96
1000 248 120
1040 264 160
848 280 -72
1088 232 -64
1024 264 -152
952 240 -64
944 216 32
984 224 72
968 272 80
1112 248 224
1024 240 72
936 232 88
1008 264 56
1128 328 -8
1048 336 -88
1024 272 -24
936 264 -16
936 336 -32
952 376 64
1072 296 64
1024 272 64
1088 264 136
1016 368 16
976 336 104
1120 376 96
1280 472 -16
1064 432 -104
1112 320 48
968 264 96
936 264 88
1064 248 48
1104 200 72
1048 136 160
1160 200 176
1088 368 104
1008 288 240
1096 272 480
1080 272 496
1032 304 176
1000 264 64
1024 312 72
1016 376 24
1024 384 16
1032 344 40
1016 320 -56
1072 272 -160
1040 256 -192
1016 280 -8
1032 232 184
1008 192 168
968 216 128
968 208 0
1080 280 120
1056 272 40
1056 264 112
1032 272 32
944 288 -24
928 280 -80
984 280 -144
1136 304 24
1176 288 56
1144 280 160
1072 264 152
1008 200 200
1008 184 192
1064 200 88
1096 176 24
1080 208 -8
1000 256 -80
928 288 -128
1008 304 -112
1136 352 -56
1216 328 96
1160 288 216
1008 248 184
896 184 136
960 144 168
1064 200 136
1144 192 72
1056 208 104
912 248 -80
896 304 -160
1104 296 -56

1056 424 72
992 392 128
1000 376 8
944 352 -8
872 352 -24
888 384 -72
928 472 -80
1040 504 -56
1008 464 48
992 408 64
928 328 -40
928 280 88
1024 264 80
1128 288 112
952 336 -24
1016 264 120
944 224 16
912 232 -96
992 232 -88
1064 224 8
1016 232 16
1216 240 216
1056 240 -24
1048 200 176
1040 184 160
1088 208 88
992 240 -72
1048 224 40
984 248 -72
976 344 -88
1008 376 -208
1136 384 -96
1120 344 -56
1104 296 16
1064 272 96
1032 256 128
1008 232 160
968 248 40
1096 224 48
1032 248 -24
1024 320 -104
1000 336 -184
1264 384 -120
1072 360 -96
1104 288 160
1056 272 112
976 208 216
984 160 192
984 232 8
1080 216 -72
1072 96 -336
1000 184 -136
992 264 -168
1232 272 16
1120 280 24
1120 256 192
1008 240 128
976 208 144
984 200 144
1104 240 72
1064 304 -128
1016 208 -48
984 240 -152
992 256 -168
1152 272 -32
1040 296 96
1104 352 320
1016 296 360
984 288 288
992 248 128
1104 240 168
936 288 -64
1000 272 56
952 272 8
936 296 -32
984 320 -64
1160 336 -16
976 320 32
1056 288 232
1016 272 240
1000 256 280
1024 232 240
1096 216 144
936 256 -40
1056 256 24
984 248 -144
928 240 -128
1000 272 -80
1112 320 56
1040 344 144
1048 336 184
968 328 144
960 312 168
1024 280 136
1184 264 136
992 208 -40
1008 184 -40
1000 240 -96
960 272 -96
984 280 -24
1040 320 32
1032 312 80
1088 272 200
984 264 72
976 176 112
1016 152 56
1088 216 16
1120 256 104
1040 280 -24
936 256 -88
896 264 -112
976 272 -208
1112 240 -136
1008 288 -128
1128 272 136
1088 224 136
1048 232 128
1040 192 128
1120 192 160
976 224 -32
1000 248 8
976 248 -152
968 328 -192
1024 320 -104
1128 360 -16
1112 360 112
1088 320 264
1008 304 240
1024 264 200
1024 224 128
936 216 -56
1008 192 -56
1024 208 -120
984 224 -88
984 240 -88
1112 232 56
1000 176 240
1056 64 464
1016 -8 432
1032 96 328
1040 160 224
1104 232 64
976 208 48
1016 160 40
992 224 104
928 184 344
920 232 192
952 328 192
1336 -1024 512
1080 -744 1360
792 -400 -552
888 -56 408
944 -48 -208
1136 208 360
952 344 144
992 312 136
1024 336 -72
952 24 48
984 24 -48
1144 248 192
1000 296 8
1104 288 248
976 248 160
976 208 168
1000 176 40
1104 184 40
968 176 -232
1080 152 -80
992 192 -200
952 240 -192
1032 296 -176
1128 328 -120
1224 320 -48
1136 280 72
1008 256 80
976 216 128
1032 216 136
912 296 -128
1072 264 -88
1056 272 -264
1040 248 -312
1064 272 -232
1248 336 -64
1192 272 56
1136 296 176
1056 248 208
1000 224 168
1000 224 64
984 256 -120
1048 240 -144
1104 192 -200
1040 176 -224
1008 224 -128
1048 248 -32
1144 336 -40
1120 304 96
1072 304 152
1016 288 168
1008 256 160
1024 240 112
992 280 40
992 288 -104
1088 16 -432
1064 360 56
960 256 8
992 312 72
1072 400 64
1080 344 104
1024 304 96
944 272 88
936 256 24
1008 232 40
1120 264 40
928 288 -80
984 312 -104
976 312 -240
984 288 -152
1048 128 -176
1112 272 -16
1072 272 88
1064 280 208
952 256 168
960 256 168
1008 240 32
1056 232 -32
1056 240 -184
1024 376 -208
944 312 -64
968 272 -96
984 272 48
1064 328 -32
1144 320 40
1056 296 48
984 256 80
1008 248 88
1032 232 72
968 280 -40
1024 256 -88
976 224 -160
960 240 -160
1016 264 -176
1088 264 -80
1080 320 -64
1136 328 104
1032 336 96
992 336 160
1024 264 144
1016 256 32
920 272 -168
1064 152 72

1168 320 -24
1072 304 -40
1104 304 200
1000 272 120
1016 232 128
1008 208 128
1080 224 40
920 288 -136
1064 248 -40
1016 264 -184
984 288 -184
1040 312 -200
1168 296 -56
1072 312 24
1168 248 240
1040 264 152
992 240 168
1040 224 104
1072 232 24
968 272 -136
1000 240 -56
1040 280 -232
1024 256 -184
992 264 -104
1032 256 48
1080 336 96
1120 344 120
1040 288 128
984 296 168
1040 264 168
1080 288 88
952 344 -88
992 256 -40
1016 248 -184
992 248 -264
960 312 -88
1120 328 24
984 368 0
1120 368 128
1008 352 88
984 328 144
1064 272 80
1088 248 40
912 264 -72
984 296 -24
1008 280 -48
960 288 -168
1008 320 -104
1120 336 -16
984 360 56
1080 352 192
1016 296 160
1016 240 224
1000 192 136
1072 216 120
928 240 -96
1048 256 -16
1008 232 -192
984 272 -168
1016 288 -128
1112 296 16
1072 296 80
1056 280 144
976 272 136
952 240 120
1016 224 96
1072 272 -32
1008 232 -80
1016 224 -128
976 272 -136
952 312 -176
992 328 -128
1104 352 -56
1064 328 64
1040 320 152
952 320 104
984 408 160
984 440 184
944 536 112
864 568 -88
896 568 -112
888 560 -104
856 520 -96
848 544 -56
944 584 16
920 592 8
944 480 152
880 400 152
864 408 72
968 456 152
1016 472 80
1032 600 240
888 544 40
928 480 104
920 480 112
936 480 88
992 504 120
1032 512 96
984 448 152
952 400 152
936 336 176
944 320 80
1072 312 56
1168 336 -56
944 328 -200
1032 312 -120
984 264 -104
960 256 -24
1000 296 24
1136 336 136
1024 360 64
1088 336 112
1000 288 72
928 256 64
976 232 96
1112 248 64
1048 352 -56
1072 296 0
1040 328 -136
984 336 -168
1016 360 -160
1184 368 -104
1040 344 -24
1168 280 184
1056 272 136
984 248 168
992 224 120
1040 232 16
952 312 -112
1064 280 -104
1016 248 -256
968 272 -200
992 296 -152
1160 328 24
1016 352 40
1056 312 232
992 280 192
960 296 136
1024 296 224
1080 240 96
912 240 -176
992 256 -48
976 312 -184
960 296 -96
952 320 -184
1040 328 -72
1104 368 -56
1112 328 120
1056 312 192
1016 304 208
992 272 152
984 216 88
1016 248 -48
960 240 -120
1064 192 -168
1024 144 -288
960 224 -104
1008 248 -104
1112 288 64
1008 352 80
1096 344 120
1000 288 88
968 264 144
992 256 88
1056 248 48
1024 264 -64
1000 208 -56
1008 224 -176
992 216 -184
1000 232 -112
1032 256 -48
1072 296 32
1008 336 40
1048 328 144
952 304 128
920 224 16
1000 216 128
1000 224 40
1008 296 -40
1088 288 24
1000 296 -88
936 320 -128
968 320 -72
1120 360 24
952 352 40
1088 304 176
1024 256 120
960 256 160
984 216 80
1104 248 88
936 344 -184
1040 280 24
1000 288 -224
968 288 -192
1032 312 -128
1112 328 24
1024 400 112
1080 440 312
1056 408 472
928 344 392
952 408 128
1064 416 40
1024 376 -80
952 376 -112
896 360 -48
880 328 -16
976 248 128
1048 320 112
976 248 208
1008 240 432
984 240 304
976 216 280
960 240 224
1016 256 144
1072 264 16
936 224 40
1008 304 8
968 360 184
968 368 120
1008 392 136
1024 400 136
928 432 152
1024 400 320
952 328 128
992 240 104
1080 208 56
1224 240 48
1024 256 -104
1048 240 -64
976 240 -152
928 224 -104
1000 240 -16
1144 296 24
1064 272 8
1168 296 200
1048 264 48
1000 232 104
1008 192 64
1144 224 72
1024 296 -104
1072 272 0
992 288 -136
984 296 -160
1024 304 -240
1160 320 -96
1048 296 8
1104 280 184
1008 256 120
976 240 136
1000 208 104

1016 240 -248
984 240 -208
976 224 -208
1136 248 -80
1064 296 24
1152 280 192
1040 256 96
944 232 152
968 224 48
1032 232 0
1072 288 -72
1072 280 -80
1016 264 -136
992 272 -120
984 272 -88
1064 264 -56
1056 320 0
1176 296 136
1072 256 64
1016 224 120
992 216 112
968 240 32
976 272 0
1040 240 -64
1024 208 -232
1008 272 -184
968 328 -120
1008 400 -32
1176 568 376
1120 480 808
1024 504 376
920 448 368
920 408 120
968 360 80
1056 408 128
1056 336 224
1008 424 184
896 256 272
776 296 392
1128 352 512
968 224 80
960 56 280
1000 8 232
992 96 336
992 128 312
1032 184 344
1048 232 344
992 192 240
920 240 152
1016 320 224
1024 304 192
1056 320 248
1024 296 192
952 280 152
960 272 104
968 256 8
1016 256 32
1112 264 -8
1144 344 24
920 320 -88
976 280 -8
960 264 -16
936 264 -32
984 280 32
1144 304 80
1032 312 48
1048 288 136
944 272 80
952 232 160
1008 232 96
1168 240 120
968 328 -48
1008 312 -40
952 280 -152
944 288 -144
1048 296 -160
1216 352 -32
1080 352 0
1128 272 168
1000 264 128
928 248 144
960 256 48
1168 232 144
1016 384 -152
1072 352 -72
992 344 -96
960 352 -120
976 336 -120
1152 336 160
1032 384 208
1032 320 440
944 328 424
904 328 168
960 264 48
1056 264 16
1024 328 -64
984 264 48
1024 320 -72
952 328 -32
928 328 -64
1040 336 -8
1128 368 16
1120 328 104
1088 256 288
960 272 184
952 240 176
1008 224 160
1064 248 48
1016 272 -160
1040 0 -376
1000 208 -88
960 224 -64
1032 280 0
1112 344 80
1040 320 40
1040 312 96
952 320 80
928 296 120
1000 240 96
1152 264 112
960 280 -72
1040 264 -96
992 200 -216
984 232 -104
1040 240 -56
1112 312 8
1144 264 184
1072 264 168
984 256 144
944 224 64
1000 224 88
1016 256 -16
1072 224 -88
1032 240 -120
992 248 -168
1008 264 -112
1096 264 -16
1048 304 24
1144 256 176
1016 256 112
968 232 160
992 224 80
1112 232 64
968 256 -112
1024 232 -136
984 264 -200
984 336 -208
1032 360 -120
1120 360 272
1024 328 352
1016 440 480
952 472 392
944 480 312
992 456 88
984 448 88
904 408 24
960 344 160
936 312 72
968 352 -16
992 384 -120
1000 480 40
1048 480 216
1008 336 144
1024 376 152
968 336 184
936 312 80
1024 272 96
1184 312 104
1008 312 0
1032 352 0
1000 376 -72
968 376 -80
1040 336 -48
1120 336 88
992 312 96
1048 336 208
968 296 128
992 272 168
1096 208 112
1184 192 120
944 216 -136
1032 224 -32
992 184 -176
928 224 -136
1032 232 -112
1144 320 -64
1016 296 -24
1096 248 152
992 256 88
960 232 88
1016 192 112
1040 224 72
960 296 -136
1056 256 -56
984 240 -144
960 272 -192
1064 264 -176
1080 264 -88
1024 272 -56
1168 240 216
1040 248 80
992 240 208
1024 208 160
1104 256 64
968 224 -120
1048 168 -32
992 176 -240
1000 200 -208
1016 208 -128
1112 248 48
984 296 88
1072 328 256
1008 296 184
1032 280 200
1080 200 224
1144 160 96
912 168 -168
1056 144 -8
1024 208 -248
976 208 -168
1008 232 -88
1224 280 104
1064 304 64
1088 304 168
1008 288 160
992 248 168
1056 216 160
1136 208 72
920 200 -136
1016 200 -88
1032 224 -232
1024 296 -176
992 184 -64
1144 280 72
1120 304 144
1112 320 216
1024 272 160
992 248 112
1032 208 56
1040 256 24
1040 208 -80
1024 208 -104
984 176 -168
984 200 -144
1072 192 -80
1176 296 -16
1152 248 24
1088 256 152
984 224 88
920 224 56

1056 232 8
1024 320 -112
912 288 -168
1080 280 -56
1192 344 -48
1040 280 120
1072 312 168
968 256 184
960 224 128
1040 216 112
1136 256 144
992 280 -152
1032 272 -48
984 216 -136
960 240 -168
1088 208 -112
1144 296 8
1024 288 24
1056 264 96
960 248 88
936 240 80
1032 232 136
1152 264 56
920 336 -168
1016 280 -32
936 264 -232
920 296 -216
1024 224 -120
1096 264 80
1096 256 144
1072 296 200
984 280 136
960 256 80
1008 216 64
1056 272 -112
1040 184 -48
1008 184 -112
968 216 -184
976 264 -160
1056 264 -32
976 288 56
1096 288 208
1056 264 168
1016 248 208
1048 176 160
1064 200 88
1024 160 0
1024 144 -24
1000 184 -152
968 240 -176
1024 272 -64
1104 360 48
1056 328 248
1032 344 184
1032 344 192
1024 312 168
1008 216 160
1056 224 48
960 184 -72
1008 176 -48
1016 184 -144
976 168 -112
984 176 8
1072 288 -32
1096 272 32
1096 272 72
1040 248 104
1024 208 112
1024 176 112
1016 232 0
976 216 -112
1008 192 -80
984 224 -176
968 216 -232
1048 232 -128
1096 304 -120
1176 256 72
1064 280 120
1016 240 88
952 224 56
968 232 24
952 264 -104
1016 256 -184
968 264 -296
960 336 -272
1032 376 -32
1048 360 64
928 448 184
960 480 320
920 464 344
896 448 240
936 432 72
1048 408 -24
1120 288 -8
1016 304 -56
1016 360 144
928 408 144
848 488 24
944 424 16
920 352 104
968 368 56
1032 416 272
992 424 168
920 416 80
888 376 24
1024 328 72
1168 384 104
1032 320 16
1032 296 16
968 320 -136
960 288 -112
1008 248 -72
1168 296 8
1064 296 64
1088 288 192
1016 264 168
992 240 152
1048 240 88
1096 256 40
936 280 -168
1088 224 -136
1024 192 -288
952 184 -144
928 224 -152
1160 256 -48
1128 272 -48
1152 248 48
1096 256 40
976 224 104
912 232 32
1016 248 40
1088 304 -16
1008 264 -128
1032 224 -88
984 200 -144
952 200 -152
1080 216 -96
1160 288 -56
1048 296 -40
1136 248 56
1024 240 48
936 248 104
936 216 40
1144 224 72
1024 344 -200
1064 232 -64
1024 224 -272
976 216 -152
928 248 -152
1048 240 -72
1088 312 -64
968 280 56
1096 320 128
992 304 40
952 248 104
1048 240 24
1200 272 40
912 304 -136
1040 288 -184
1016 264 -264
992 248 -128
976 224 -80
1016 232 24
1072 320 120
1024 328 112
1008 312 184
968 304 128
984 288 64
1080 224 40
1128 224 -40
936 232 -248
984 168 -48
944 208 -104
944 232 -120
984 256 -88
1160 280 -24
1032 288 32
1064 272 184
984 280 128
992 280 168
1008 248 104
1040 216 56
1040 240 0
960 192 -80
1008 200 -104
976 208 -120
968 184 -128
1032 184 -72
1176 256 -32
1000 296 -8
1120 296 104
1008 272 64
952 248 104
1000 216 48
1136 240 64
952 304 -168
1048 232 -24
984 264 -176
976 264 -144
952 248 -160
1144 264 -56
1008 304 48
1024 384 264
1000 336 32
1048 304 152
1080 248 56
1056 240 0
928 280 -64
992 248 -16
960 392 -312
888 624 -120
992 672 32
1008 600 312
1024 552 232
944 544 64
896 528 24
800 544 24
784 616 56
800 680 0
840 680 -32
920 712 -160
864 600 -24
840 576 32
808 544 8
808 528 -128
864 568 -120
1072 624 -48
920 568 -40
904 568 96
896 536 152
872 496 72
896 416 104
1032 352 136
1200 384 112
968 384 -128
1008 288 -8
944 296 -64
944 272 -40
960 280 -56
1032 304 64
1056 352 64
1064 360 56
1000 352 104
968 320 128
960 296 48
1072 264 80
1088 264 16
920 232 -96
1024 216 -88
968 184 -144

1016 280 -8
1136 288 16
960 344 16
1040 320 144
984 296 64
928 256 168
984 224 72
1088 208 72
1000 256 -96
1024 240 -72
1016 248 -184
992 288 -192
984 256 -144
1032 264 -8
1112 304 72
968 312 80
1056 328 192
984 272 136
992 232 120
1040 184 32
1088 200 16
1024 272 -96
1000 216 -72
992 232 -88
976 280 -136
936 264 -168
1024 224 -80
1160 288 8
1072 376 272
1072 264 -32
984 272 200
952 240 72
1024 216 56
1104 240 8
872 296 -168
1024 208 -184
952 248 -168
936 288 -136
976 272 -216
1128 240 0
1032 312 64
1072 344 144
992 352 184
960 368 240
952 400 136
1000 440 112
1104 664 48
912 520 -56
848 440 40
824 472 -32
832 504 -120
880 544 -16
928 480 -16
976 520 0
880 536 8
1016 504 216
920 456 88
816 408 32
920 408 176
1056 432 192
976 528 56
944 448 24
952 424 160
912 360 152
880 344 -32
944 360 72
1152 392 112
944 392 40
1072 328 216
984 304 160
920 272 160
1040 272 104
1208 256 104
952 336 -152
1016 216 -152
1008 264 -208
968 248 -88
928 232 -104
1024 256 8
1088 304 32
992 288 16
1040 272 104
968 264 56
944 240 56
1024 224 24
1168 264 64
944 352 -208
1016 240 -32
968 264 -136
992 200 -152
1040 168 -112
1056 200 -88
1056 232 -16
1144 256 32
1056 272 24
968 248 48
992 224 40
1040 232 40
1048 280 -112
1000 200 -96
1024 192 -152
976 208 -184
944 216 -208
1016 192 -136
1176 248 -40
1080 280 32
1104 320 152
992 280 224
968 248 136
1064 232 88
1080 248 32
920 224 -144
968 176 -64
1008 232 -208
1000 248 -192
1008 248 -160
1168 272 -32
1080 312 48
1176 304 312
1056 296 200
992 280 224
1008 232 96
1032 192 24
1024 224 -96
1064 224 -176
1048 192 -192
1000 216 -248
960 240 -240
1048 240 -136
1168 280 -16
1040 288 88
1072 296 256
976 280 192
976 288 80
1040 232 56
1072 192 -40
1032 232 -240
1048 104 -56
1000 144 -16
992 224 -32
912 240 -200
1008 192 -152
1136 240 -88
1152 248 72
1136 264 176
1016 248 128
952 216 112
976 168 32
1128 208 0
1000 288 -232
1088 232 -8
1008 232 -224
912 256 -208
984 240 -160
1192 280 0
1072 288 -8
1104 304 152
1008 248 80
952 240 120
1032 256 104
1152 248 32
872 248 -184
1032 280 -128
992 224 -264
984 288 -200
1000 288 -128
1136 296 104
1144 384 432
1016 400 272
952 512 216
904 464 144
936 432 184
1000 400 128
1000 544 -256
952 584 -40
848 496 -16
864 504 16
896 472 -8
968 424 -24
1048 408 -48
888 456 -96
920 496 0
864 504 64
880 464 200
880 472 80
976 512 24
1160 552 96
904 464 -48
976 432 192
920 432 56
920 440 24
936 448 16
1128 432 112
1000 424 64
1000 336 144
960 328 112
944 304 104
976 296 8
1064 264 64
1096 328 -96
960 280 -128
1008 248 -64
960 256 -136
944 256 -104
1024 264 -200
1128 280 -48
976 304 0
1072 288 152
992 272 112
968 248 128
1032 240 32
1136 208 56
1024 272 -88
1000 232 -120
1032 272 -240
984 240 -208
960 256 -160
1040 256 -96
1104 304 -64
1216 248 112
1112 280 64
976 248 40
880 208 -16
976 184 -40
1168 304 -128
1016 296 -152
1040 240 0
928 296 -184
936 312 -144
976 280 -216
1096 256 -32
1080 352 112
1104 360 336
1032 344 272
984 320 192
976 304 112
1072 256 120
1120 272 32
904 248 -96
968 216 -64
968 216 -24
960 216 -112
976 200 -152
1008 216 -32
1128 328 -80
1096 304 48
1088 312 160
1000 288 136
976 264 144
1024 224 80

1120 232 -64
952 224 -224
1032 208 -104
1008 240 -264
1000 272 -160
976 264 -168
1016 248 -24
1168 328 56
1104 288 168
1064 304 224
992 280 168
976 264 104
1040 184 64
1120 216 -32
888 200 -184
984 160 -16
960 232 -216
1008 208 -160
1016 200 -184
1192 224 -24
1032 240 8
1168 200 200
1016 216 104
960 192 88
1000 192 -32
1104 192 -8
1096 272 -248
1040 224 -144
1000 224 -80
936 288 -128
944 288 -184
1024 240 -144
1136 272 -120
1080 272 80
1104 328 96
1008 288 168
968 280 48
1064 216 40
1112 224 -40
1016 184 -16
1032 184 -64
968 200 -96
952 224 -160
1072 168 48
1096 144 64
1056 88 112
1040 88 144
992 72 192
1008 88 240
1008 88 224
992 104 216
1056 96 296
960 88 80
968 56 40
1056 0 -8
1048 40 128
992 112 176
1000 144 224
1104 144 216
1000 184 152
1144 104 344
1008 56 256
976 128 336
1056 152 344
1120 176 272
888 216 -8
968 216 16
952 184 -72
968 176 -16
952 224 -8
1080 280 -48
1136 336 16
1104 136 184
1056 312 328
936 144 136
976 88 80
1104 160 64
1264 192 104
960 304 -248
1000 232 -80
960 200 -160
968 184 -104
1016 216 -80
1072 224 -48
1032 280 -32
1144 256 88
1064 240 40
976 240 48
984 216 8
1056 200 40
1040 272 -136
1024 232 -144
1024 184 -112
952 184 -168
952 176 -176
1008 216 -184
1112 264 -104
1072 304 -16
1088 288 72
992 280 224
1008 272 200
1032 208 80
1160 200 64
880 280 -264
1000 192 16
992 248 -264
1000 272 -216
1016 248 -176
1024 248 -48
1144 328 -64
1144 288 280
1072 336 176
1032 304 224
1048 296 136
1040 240 48
1048 248 -80
992 128 -48
984 56 -80
984 144 -152
968 216 -184
1040 232 -176
1176 272 24
1072 256 8
1088 296 168
1008 272 224
992 296 184
1048 232 112
1136 192 -8
1032 192 -264
1024 112 -128
1016 184 -216
1016 248 -208
976 232 -208
1072 208 -120
1176 296 -40
1112 288 80
1128 272 208
1008 256 128
976 216 168
1056 176 16
1200 184 -40
952 224 -192
1072 224 -80
1008 272 -208
960 216 -208
1008 160 -200
1184 216 -128
1064 256 -24
1168 208 240
1072 232 48
960 208 120
888 184 72
976 184 40
1096 304 -184
1048 304 -208
1088 208 -96
960 264 -240
952 288 -192
1064 200 -80
1112 272 -112
1016 320 -88
1064 296 224
976 344 184
904 312 224
984 280 128
1000 408 -24
944 616 -224
944 576 -168
864 536 -176
856 392 -40
848 336 32
944 432 112
1008 648 -8
848 616 -56
928 592 -128
912 592 16
824 560 -96
824 544 0
968 512 -24
960 520 -88
936 456 56
936 440 88
896 440 40
872 472 -112
992 488 -104
1136 432 16
944 384 -56
1096 384 80
1080 328 168
1000 344 152
1072 296 128
1168 200 88
968 240 -144
984 184 -64
1024 208 -216
1032 216 -200
992 208 -176
1040 160 -128
1200 248 -72
1016 280 -32
1200 272 152
1048 288 120
944 296 104
1024 256 32
1184 152 72
1032 256 -184
1072 216 -48
1048 176 -128
976 192 -144
992 216 -168
1272 240 -152
1040 216 -72
1144 216 40
1104 232 152
1016 264 112
984 232 72
1016 208 40
1024 264 -48
1032 272 -152
1048 240 -136
1008 240 -152
968 248 -160
1112 264 -112
1112 344 -72
1064 376 24
1064 344 160
1048 328 200
1008 312 144
976 264 144
944 280 -80
960 224 -32
1024 232 -184
1008 248 -256
968 256 -176
1064 288 -120
1120 328 -64
1056 328 48
1056 328 144
1000 304 136
960 296 72
1064 288 88
1080 264 24
896 224 -136
968 184 -144
1016 240 -264
1016 240 -232
1048 272 -112
1008 288 -176
1064 376 -48
1096 336 160

1056 336 56
1032 352 112
992 320 96
1016 272 64
1064 248 8
928 240 -112
1032 224 8
1016 264 -208
968 232 -208
1024 280 -200
1192 304 -96
1040 296 -64
1072 320 40
1072 272 56
1024 248 128
1048 240 24
1040 216 16
944 272 -96
1024 296 -168
1048 248 -216
1032 224 -248
1024 288 -216
1080 264 -24
1136 320 -16
1216 288 144
1128 280 160
1040 296 184
1040 288 104
1048 200 72
920 272 -160
1056 232 -96
1024 208 -184
984 224 -264
984 240 -256
1160 280 -112
1024 288 -16
1056 400 240
1016 400 296
1000 360 264
992 344 320
1072 384 240
944 400 8
1016 352 -296
896 480 -352
808 480 -176
952 464 -48
968 376 56
1056 328 -8
928 360 32
992 440 16
976 496 -72
904 536 -48
888 560 0
960 560 16
1016 496 -8
1000 312 32
976 232 40
952 232 112
952 264 64
1072 328 40
1112 296 -216
1032 288 -160
1072 280 -8
1040 312 96
1072 320 128
1224 192 272
992 176 -104
936 32 88
944 120 -48
984 184 -144
1008 200 -224
1200 216 -232
1120 216 -168
1200 248 32
1168 248 120
1088 256 176
1000 216 128
1032 160 112
952 264 -144
1048 240 -64
1032 176 -152
1016 216 -160
1024 232 -216
1184 224 -208
1152 264 -192
1264 256 64
1144 264 144
1016 296 176
1024 280 88
1144 176 144
992 272 -264
1032 176 -144
1056 240 -336
1008 296 -296
1056 296 -208
1200 304 32
992 408 112
1064 552 360
1016 432 288
936 392 160
992 344 152
1040 344 64
912 320 -72
968 264 -16
1000 272 -184
952 272 -288
976 248 -224
1168 272 -88
1024 288 -32
1120 312 208
1032 272 128
976 272 232
1016 248 96
1072 272 -64
1016 256 -160
1032 232 -120
1032 224 -256
1008 240 -192
968 272 -168
1040 288 -56
1152 336 -8
1016 280 88
976 328 192
952 280 160
984 264 48
1072 184 40
1088 216 0
888 208 -64
968 192 -32
952 208 -96
960 216 -128
1024 256 -176
1144 256 -152
1080 256 -48
1088 232 128
1008 272 56
984 256 104
992 184 64
1000 224 -32
1000 200 -144
1040 176 -120
1008 176 -176
976 200 -192
1032 208 -128
1144 264 -144
1192 240 64
1120 240 88
1056 264 104
1032 248 64
1008 192 88
976 208 -192
984 136 -184
1008 184 -296
1032 248 -376
1000 264 -368
976 272 -232
1120 312 48
1032 400 216
1048 552 464
1048 472 424
1040 360 96
976 336 48
1024 312 64
992 352 -56
1032 344 0
1040 424 -40
1008 384 -120
944 384 -56
968 416 64
1072 440 104
1016 400 96
1080 376 168
976 352 160
904 304 128
920 280 40
1048 280 -24
1024 344 -128
1024 272 -72
968 248 -120
944 272 -80
928 272 -184
1016 240 -40
1088 304 40
1120 288 208
1080 288 208
1024 280 168
1024 256 128
1040 200 104
1056 192 24
944 200 -136
1032 176 -64
992 200 -208
976 176 -160
1024 224 -200
1272 240 -128
1040 264 -80
1128 232 96
1040 232 96
1000 232 136
992 200 48
1088 168 104
992 304 -280
1072 152 24
1040 184 -256
1000 208 -256
976 208 -272
1088 224 -136
1112 224 32
1192 232 208
1072 248 144
968 192 152
1016 192 128
1192 216 80
1000 296 -208
1024 200 -56
992 192 -216
992 192 -184
1000 224 -104
1064 240 40
1072 328 144
1112 312 232
1072 288 152
992 264 168
1016 272 160
1040 216 168
1144 216 104
920 224 -152
1032 184 -64
992 192 -216
968 168 -200
1016 216 -144
1064 232 0
1160 296 40
1104 304 120
1032 296 152
976 272 176
960 256 96
1000 192 56
1048 200 -32
1024 184 -120
1024 160 -72
1016 192 -160
976 192 -120
944 192 -152
1040 216 -72
1096 256 -24
1080 256 40
1104 256 96
1024 248 112
968 200 96

1000 152 -168
1000 232 -160
1072 216 -56
960 248 0
968 344 56
1096 328 144
1064 304 136
1008 296 184
984 272 56
1040 240 48
1032 264 -32
1016 280 -144
1048 208 -144
1016 232 -176
960 248 -152
1024 264 -112
1144 304 72
984 328 72
1088 344 176
1016 296 192
960 264 192
1064 200 120
1080 184 32
984 200 -96
1024 184 -56
1008 200 -200
1016 184 -152
1000 176 -128
1112 200 -64
1024 264 -64
1120 280 -8
1048 264 16
1000 240 96
984 200 24
1032 176 32
960 288 -176
1032 232 -88
1016 216 -176
944 208 -128
936 192 -200
984 208 -88
1088 304 -208
1216 264 -24
1104 264 96
1016 272 128
992 248 120
992 256 32
936 304 -160
1040 216 16
1000 240 -264
976 248 -208
984 248 -232
1040 256 -128
1000 288 72
1032 416 128
1128 424 320
936 424 416
888 432 200
1080 424 72
1040 128 232
920 416 40
888 368 40
944 336 -72
952 368 16
928 328 72
968 376 168
968 408 368
1096 352 344
1112 304 104
960 256 48
872 224 80
992 224 112
1280 320 144
1064 328 -56
1040 328 0
968 320 -184
968 336 -168
1056 280 -104
1152 296 -72
1072 280 112
1112 296 280
1024 272 176
1032 256 168
1072 208 112
1160 184 64
928 208 -248
1032 160 -48
1024 200 -208
1008 224 -152
1008 240 -240
1176 208 -88
1104 248 -80
1264 256 80
1120 264 64
1000 248 176
960 224 56
976 208 -32
1016 248 -176
1072 216 -64
1064 240 -200
1008 240 -232
960 272 -280
1056 224 -224
1136 312 152
1088 336 344
1032 312 256
1016 288 184
1024 256 72
1048 232 80
1008 288 -80
944 232 0
984 272 -56
968 264 -96
936 280 -104
1008 240 -128
1072 240 -16
1048 272 48
1064 296 168
984 288 168
952 272 232
1008 272 176
1040 280 112
960 328 -216
1024 176 -96
1032 136 -232
968 144 -120
896 232 -160
1064 320 -136
1144 376 -24
1048 312 64
1008 320 88
968 304 144
976 272 72
1048 224 80
1136 240 72
920 272 -144
1056 248 -104
1000 208 -304
960 168 -144
1008 200 -128
1152 224 -32
1072 264 72
1120 256 152
1008 224 80
912 192 48
976 200 0
1056 232 -32
1072 296 -64
1040 288 -144
1016 248 -216
984 248 -208
968 248 -152
1008 224 -88
1176 264 -40
1200 304 -8
1160 256 128
1064 248 104
944 216 96
912 200 80
1072 224 -16
992 296 -240
1120 216 -56
1040 216 -216
936 240 -248
928 144 -216
1048 168 -16
1080 336 -8
1088 328 200
1056 320 200
984 296 248
1008 272 184
1064 216 88
1040 184 40
984 248 -136
992 208 -56
1048 208 -152
1032 200 -128
968 208 -40
976 136 240
992 112 464
1056 176 184
1160 160 200
1064 56 112
984 104 192
960 176 216
1048 248 208
1136 320 144
912 312 -104
1120 224 -8
1048 232 40
928 280 48
904 280 160
856 272 240
1056 368 0
1208 296 224
1112 248 -8
1040 200 -8
1040 184 56
1096 192 120
1016 280 -48
1024 240 32
936 208 -64
920 200 -88
960 216 -128
1024 176 -96
1096 240 -48
1104 288 48
1112 280 112
992 272 128
976 248 96
1008 176 112
1048 224 -24
944 136 -72
1008 128 16
984 136 -104
968 184 -208
1008 216 -192
1208 216 -96
1104 248 -128
1248 296 56
1160 320 160
1080 288 280
1000 240 168
1000 200 80
1016 280 -136
1064 280 -152
1072 216 -168
1008 264 -200
968 264 -160
1032 232 -88
1136 272 40
1016 320 56
1096 328 216
1000 296 176
1000 288 176
1040 272 88
1072 256 32
1032 248 -120
912 184 -160
1032 200 -176
1000 208 -136
960 216 -104
984 248 -80
1056 264 -8
1112 312 64
1088 272 80
1048 264 144
976 272 136
952 248 96
1048 224 136

992 200 -56
968 208 -208
976 192 -168
976 200 -208
1096 216 -120
1176 272 -120
1112 296 -40
1104 288 48
1008 240 72
960 240 80
992 192 32
1128 208 56
1016 264 -168
1048 272 -88
1056 208 -144
1024 208 -104
992 224 -184
1072 240 -128
1064 272 48
1000 280 128
1136 328 344
1040 272 296
984 264 136
1064 256 96
1112 208 40
1072 232 -32
856 200 -72
936 256 -80
960 304 -192
928 264 -184
960 224 -136
1104 232 88
1008 224 104
1080 264 248
1008 256 200
976 240 200
1000 240 88
1192 232 32
920 280 -272
984 200 0
960 248 -216
968 256 -104
960 264 -160
1080 256 -56
1048 288 -32
1128 272 152
1040 264 128
992 256 144
1000 248 72
1032 224 40
1080 240 0
912 256 -184
984 208 -120
952 224 -192
936 224 -160
960 240 -168
1048 240 -48
1104 288 -40
1088 288 16
1048 272 128
976 240 80
976 224 48
1048 216 104
1104 232 40
880 232 -136
968 176 -8
936 208 -96
944 224 -96
960 232 -128
1072 232 -88
1072 280 -96
1120 288 40
1080 304 104
1032 280 160
984 312 104
992 272 80
992 288 -96
968 224 -136
976 216 -176
968 256 -128
952 280 -104
1056 336 -56
1080 336 144
984 360 168
976 472 392
944 464 384
928 448 232
968 344 224
1080 400 104
944 472 40
936 488 24
880 480 24
824 424 -24
816 496 -56
920 576 -104
864 544 -232
752 608 -32
824 648 -8
808 600 48
824 552 48
904 488 40
1040 408 56
1040 416 0
912 352 -40
1000 328 -56
976 304 -160
976 264 -184
968 224 -136
1128 256 -56
992 304 -24
1080 288 104
1008 280 88
960 296 96
952 256 48
992 240 32
1088 272 -32
952 288 -328
1008 208 -176
984 168 -312
928 400 -328
904 448 -128
1088 320 184
1016 288 64
976 304 -40
1008 328 -296
976 376 -224
864 424 -56
1008 424 8
1088 408 -56
864 272 -216
952 224 -136
960 152 -288
928 120 -128
920 224 -112
1008 376 96
976 120 -400
1152 264 -80
1104 240 -8
1032 304 40
928 232 56
968 224 96
1152 312 80
1048 272 -48
1032 200 -80
1016 200 -176
976 240 -112
960 240 8
1208 320 0
1184 304 192
1120 344 136
1056 296 176
992 264 152
1032 256 56
1128 232 24
984 264 -176
1064 256 -88
1080 240 -240
1040 232 -216
1032 208 -104
1088 264 -64
1072 304 136
1040 352 208
976 344 192
920 352 80
984 304 -96
1104 224 -104
1104 136 -128
1048 168 -248
1040 144 -48
1040 224 -72
992 272 -88
944 272 -208
1024 224 -240
1120 240 -184
1176 216 16
1120 256 48
1064 248 120
976 208 8
984 168 16
1000 216 -64
1016 192 -152
1008 160 -168
976 216 -248
928 224 -312
1008 216 -208
1120 288 -216
1192 264 48
1120 272 48
1016 264 104
1000 232 72
1024 232 24
1112 240 -104
912 248 -224
1016 240 -72
976 256 -192
952 264 -168
984 240 -104
1120 272 -40
976 352 128
1024 456 336
968 408 280
936 392 240
968 416 112
1000 392 120
984 504 0
936 536 8
864 584 -144
792 592 16
760 560 -56
856 632 -96
888 696 -152
776 696 0
856 688 32
856 624 40
856 528 24
936 464 32
1008 400 32
968 408 -112
984 336 -56
1016 328 -144
992 304 -168
944 288 -224
1008 288 -176
1128 296 -80
1056 312 -16
1112 304 144
1048 280 112
1000 264 160
1064 232 88
1128 224 48
976 280 -232
992 184 -96
1040 224 -296
1008 232 -216
968 232 -248
1048 232 -176
1144 264 -88
1128 256 0
1096 248 112
1032 248 72
984 224 96
992 192 24
1096 224 -8
936 240 -144
1040 256 -160
1000 208 -248
1008 256 -216
968 240 -288
1072 192 -8
1168 296 -240

896 256 -40
864 296 48
888 424 -8
1120 464 -144
1040 488 -80
1008 432 16
1024 416 144
952 368 80
936 336 80
1040 312 96
1144 328 48
912 352 -184
952 248 0
984 312 -152
992 288 -232
1000 256 -96
1080 224 -160
1024 296 0
1096 304 168
1016 288 144
1000 280 168
1016 240 96
1040 208 80
1048 240 -40
944 200 -160
1032 192 -136
1000 184 -128
1000 192 -168
1048 208 -160
1128 232 -32
1048 296 -120
1160 256 72
1080 248 112
1016 280 88
1008 240 40
1072 192 72
1032 264 -88
1032 232 -152
1048 192 -216
992 184 -200
936 240 -200
992 232 -160
1176 296 -112
1080 280 -56
1136 240 104
1048 256 80
984 240 136
992 216 56
1168 232 80
936 336 -288
1016 232 -96
976 264 -256
976 264 -224
992 256 -152
1040 240 -16
1048 280 32
1104 344 112
1072 312 112
976 296 160
984 280 120
1064 240 96
1056 248 40
960 224 -72
1032 192 -96
1016 192 -128
952 232 -96
1072 256 -72
1168 296 -40
1040 288 48
1056 312 88
1040 304 136
1024 280 168
1040 248 96
1120 232 32
880 240 -176
1000 136 16
1032 200 -336
1016 216 -272
1040 208 -152
1128 240 -96
1016 272 24
1104 304 184
1024 280 136
1008 256 208
1000 216 56
1072 160 72
1024 160 -184
1096 128 -40
1016 144 -160
1000 176 -160
1016 232 -168
1120 240 -32
1040 240 120
1128 248 264
1032 192 120
896 96 208
1064 88 144
1192 168 16
1112 128 -24
1016 136 -96
976 192 -80
944 232 -144
992 240 -96
1152 288 -8
1160 264 152
1048 288 192
1008 280 208
1032 256 168
1016 232 104
912 248 -48
952 200 8
976 224 -232
1008 232 -168
1008 288 -56
1008 344 160
976 440 368
928 376 400
976 368 248
992 360 216
968 328 144
1016 312 144
1096 336 144
936 392 -16
984 464 40
928 480 -72
864 480 72
936 440 -24
1064 392 -72
1040 416 48
1008 408 216
912 352 64
936 352 224
1032 336 248
1024 368 176
1048 280 104
968 256 -32
936 320 72
976 376 -56
1208 408 -32
1112 368 -88
1096 272 136
1032 256 56
1000 224 96
992 208 80
920 256 40
1008 240 8
920 248 -48
936 312 -104
1000 360 -232
1192 376 -120
1168 312 16
1096 296 136
1000 272 104
960 216 136
1048 216 96
1136 224 40
1056 224 24
1024 232 8
944 256 24
920 288 24
1048 272 48
1136 240 -48
1192 136 64
1064 208 -104
1040 256 -40
1104 256 -8
1072 200 16
904 176 -24
952 248 -136
904 256 -184
856 296 8
1040 384 -16
1080 336 48
1136 280 176
1064 256 160
984 248 176
1040 272 120
1056 264 152
936 304 -8
880 368 104
912 384 112
912 384 72
1008 376 112
1080 376 56
1096 296 40
1040 296 112
1000 288 64
1000 288 80
1024 304 16
992 304 -160
992 280 -176
984 200 -240
976 144 -208
1000 136 -216
1000 104 -192
992 104 -184
992 96 -216
976 80 -224
984 72 -240
984 64 -224
968 72 -240
960 72 -200
1008 112 -160
1080 168 -64
984 240 -24
984 344 8
992 408 -8
952 464 -24
936 536 -56
904 560 -104
920 528 -56
896 464 -64
976 392 56
968 400 -8
960 400 -8
952 384 -40
984 368 -48
1000 328 -40
1016 336 8
1048 328 40
1072 328 56
1056 328 64
1032 312 72
1064 280 96
1104 280 16
920 208 -88
1000 160 32
920 192 -64
904 200 -48
984 232 -96
1136 280 -56
1032 280 -96
1136 272 88
1056 264 16
1008 280 144
1016 264 96
1008 256 16
1008 240 -8
1056 168 -64
1024 184 -96
952 184 -24
896 240 -8
1000 272 -24
1128 328 -64
1112 216 64
1104 120 40
944 72 288
984 -32 200
1064 48 168
1008 120 80
